{"H:\\Infotact_files\\antigravity\\Project-02\\Month-2_Project-2\\app\\src\\config\\index.js": {"path":"H:\\Infotact_files\\antigravity\\Project-02\\Month-2_Project-2\\app\\src\\config\\index.js","statementMap":{"0":{"start":{"line":3,"column":0},"end":{"line":3,"column":27}},"1":{"start":{"line":5,"column":15},"end":{"line":61,"column":1}},"2":{"start":{"line":63,"column":0},"end":{"line":63,"column":24}}},"fnMap":{},"branchMap":{"0":{"loc":{"start":{"line":8,"column":10},"end":{"line":8,"column":48}},"type":"binary-expr","locations":[{"start":{"line":8,"column":10},"end":{"line":8,"column":40}},{"start":{"line":8,"column":44},"end":{"line":8,"column":48}}],"line":8},"1":{"loc":{"start":{"line":9,"column":9},"end":{"line":9,"column":46}},"type":"binary-expr","locations":[{"start":{"line":9,"column":9},"end":{"line":9,"column":29}},{"start":{"line":9,"column":33},"end":{"line":9,"column":46}}],"line":9},"2":{"loc":{"start":{"line":10,"column":10},"end":{"line":10,"column":39}},"type":"binary-expr","locations":[{"start":{"line":10,"column":10},"end":{"line":10,"column":26}},{"start":{"line":10,"column":30},"end":{"line":10,"column":39}}],"line":10},"3":{"loc":{"start":{"line":15,"column":12},"end":{"line":15,"column":82}},"type":"binary-expr","locations":[{"start":{"line":15,"column":12},"end":{"line":15,"column":34}},{"start":{"line":15,"column":38},"end":{"line":15,"column":82}}],"line":15},"4":{"loc":{"start":{"line":16,"column":15},"end":{"line":16,"column":50}},"type":"binary-expr","locations":[{"start":{"line":16,"column":15},"end":{"line":16,"column":41}},{"start":{"line":16,"column":45},"end":{"line":16,"column":50}}],"line":16},"5":{"loc":{"start":{"line":17,"column":22},"end":{"line":17,"column":64}},"type":"binary-expr","locations":[{"start":{"line":17,"column":22},"end":{"line":17,"column":56}},{"start":{"line":17,"column":60},"end":{"line":17,"column":64}}],"line":17},"6":{"loc":{"start":{"line":22,"column":10},"end":{"line":22,"column":41}},"type":"binary-expr","locations":[{"start":{"line":22,"column":10},"end":{"line":22,"column":29}},{"start":{"line":22,"column":33},"end":{"line":22,"column":41}}],"line":22},"7":{"loc":{"start":{"line":23,"column":10},"end":{"line":23,"column":44}},"type":"binary-expr","locations":[{"start":{"line":23,"column":10},"end":{"line":23,"column":29}},{"start":{"line":23,"column":33},"end":{"line":23,"column":44}}],"line":23},"8":{"loc":{"start":{"line":24,"column":10},"end":{"line":24,"column":51}},"type":"binary-expr","locations":[{"start":{"line":24,"column":10},"end":{"line":24,"column":43}},{"start":{"line":24,"column":47},"end":{"line":24,"column":51}}],"line":24},"9":{"loc":{"start":{"line":25,"column":10},"end":{"line":25,"column":44}},"type":"binary-expr","locations":[{"start":{"line":25,"column":10},"end":{"line":25,"column":29}},{"start":{"line":25,"column":33},"end":{"line":25,"column":44}}],"line":25},"10":{"loc":{"start":{"line":26,"column":10},"end":{"line":26,"column":40}},"type":"binary-expr","locations":[{"start":{"line":26,"column":10},"end":{"line":26,"column":29}},{"start":{"line":26,"column":33},"end":{"line":26,"column":40}}],"line":26},"11":{"loc":{"start":{"line":27,"column":14},"end":{"line":27,"column":43}},"type":"binary-expr","locations":[{"start":{"line":27,"column":14},"end":{"line":27,"column":37}},{"start":{"line":27,"column":41},"end":{"line":27,"column":43}}],"line":27},"12":{"loc":{"start":{"line":32,"column":14},"end":{"line":32,"column":78}},"type":"binary-expr","locations":[{"start":{"line":32,"column":14},"end":{"line":32,"column":60}},{"start":{"line":32,"column":64},"end":{"line":32,"column":78}}],"line":32},"13":{"loc":{"start":{"line":33,"column":9},"end":{"line":33,"column":56}},"type":"binary-expr","locations":[{"start":{"line":33,"column":9},"end":{"line":33,"column":49}},{"start":{"line":33,"column":53},"end":{"line":33,"column":56}}],"line":33},"14":{"loc":{"start":{"line":38,"column":12},"end":{"line":38,"column":42}},"type":"binary-expr","locations":[{"start":{"line":38,"column":12},"end":{"line":38,"column":35}},{"start":{"line":38,"column":39},"end":{"line":38,"column":42}}],"line":38},"15":{"loc":{"start":{"line":45,"column":11},"end":{"line":45,"column":42}},"type":"binary-expr","locations":[{"start":{"line":45,"column":11},"end":{"line":45,"column":32}},{"start":{"line":45,"column":36},"end":{"line":45,"column":42}}],"line":45},"16":{"loc":{"start":{"line":46,"column":12},"end":{"line":46,"column":44}},"type":"binary-expr","locations":[{"start":{"line":46,"column":12},"end":{"line":46,"column":34}},{"start":{"line":46,"column":38},"end":{"line":46,"column":44}}],"line":46},"17":{"loc":{"start":{"line":51,"column":18},"end":{"line":51,"column":63}},"type":"binary-expr","locations":[{"start":{"line":51,"column":18},"end":{"line":51,"column":57}},{"start":{"line":51,"column":61},"end":{"line":51,"column":63}}],"line":51},"18":{"loc":{"start":{"line":52,"column":22},"end":{"line":52,"column":71}},"type":"binary-expr","locations":[{"start":{"line":52,"column":22},"end":{"line":52,"column":66}},{"start":{"line":52,"column":70},"end":{"line":52,"column":71}}],"line":52},"19":{"loc":{"start":{"line":53,"column":21},"end":{"line":53,"column":84}},"type":"binary-expr","locations":[{"start":{"line":53,"column":21},"end":{"line":53,"column":66}},{"start":{"line":53,"column":70},"end":{"line":53,"column":84}}],"line":53}},"s":{"0":3,"1":3,"2":3},"f":{},"b":{"0":[3,3],"1":[3,0],"2":[3,3],"3":[3,3],"4":[3,3],"5":[3,3],"6":[3,3],"7":[3,3],"8":[3,3],"9":[3,3],"10":[3,3],"11":[3,3],"12":[3,3],"13":[3,3],"14":[3,3],"15":[3,3],"16":[3,3],"17":[3,3],"18":[3,3],"19":[3,3]},"_coverageSchema":"1a1c01bbd47fc00a2c39e90264f33305004495a9","hash":"a62fce45c52032bd9ad3232914566578311f9553"}
,"H:\\Infotact_files\\antigravity\\Project-02\\Month-2_Project-2\\app\\src\\middleware\\auth.js": {"path":"H:\\Infotact_files\\antigravity\\Project-02\\Month-2_Project-2\\app\\src\\middleware\\auth.js","statementMap":{"0":{"start":{"line":3,"column":12},"end":{"line":3,"column":35}},"1":{"start":{"line":4,"column":15},"end":{"line":4,"column":35}},"2":{"start":{"line":5,"column":15},"end":{"line":5,"column":41}},"3":{"start":{"line":11,"column":21},"end":{"line":55,"column":1}},"4":{"start":{"line":12,"column":21},"end":{"line":12,"column":49}},"5":{"start":{"line":14,"column":2},"end":{"line":20,"column":3}},"6":{"start":{"line":15,"column":4},"end":{"line":19,"column":7}},"7":{"start":{"line":22,"column":16},"end":{"line":22,"column":37}},"8":{"start":{"line":23,"column":2},"end":{"line":29,"column":3}},"9":{"start":{"line":24,"column":4},"end":{"line":28,"column":7}},"10":{"start":{"line":31,"column":16},"end":{"line":31,"column":24}},"11":{"start":{"line":33,"column":2},"end":{"line":54,"column":3}},"12":{"start":{"line":34,"column":20},"end":{"line":34,"column":56}},"13":{"start":{"line":35,"column":4},"end":{"line":35,"column":23}},"14":{"start":{"line":36,"column":4},"end":{"line":36,"column":82}},"15":{"start":{"line":37,"column":4},"end":{"line":37,"column":11}},"16":{"start":{"line":39,"column":4},"end":{"line":39,"column":69}},"17":{"start":{"line":41,"column":4},"end":{"line":47,"column":5}},"18":{"start":{"line":42,"column":6},"end":{"line":46,"column":9}},"19":{"start":{"line":49,"column":4},"end":{"line":53,"column":7}},"20":{"start":{"line":61,"column":18},"end":{"line":84,"column":1}},"21":{"start":{"line":61,"column":32},"end":{"line":84,"column":1}},"22":{"start":{"line":62,"column":2},"end":{"line":68,"column":3}},"23":{"start":{"line":63,"column":4},"end":{"line":67,"column":7}},"24":{"start":{"line":70,"column":2},"end":{"line":81,"column":3}},"25":{"start":{"line":71,"column":4},"end":{"line":75,"column":7}},"26":{"start":{"line":76,"column":4},"end":{"line":80,"column":7}},"27":{"start":{"line":83,"column":2},"end":{"line":83,"column":9}},"28":{"start":{"line":90,"column":21},"end":{"line":110,"column":1}},"29":{"start":{"line":91,"column":21},"end":{"line":91,"column":49}},"30":{"start":{"line":93,"column":2},"end":{"line":95,"column":3}},"31":{"start":{"line":94,"column":4},"end":{"line":94,"column":18}},"32":{"start":{"line":97,"column":16},"end":{"line":97,"column":37}},"33":{"start":{"line":98,"column":2},"end":{"line":100,"column":3}},"34":{"start":{"line":99,"column":4},"end":{"line":99,"column":18}},"35":{"start":{"line":102,"column":2},"end":{"line":107,"column":3}},"36":{"start":{"line":103,"column":20},"end":{"line":103,"column":59}},"37":{"start":{"line":104,"column":4},"end":{"line":104,"column":23}},"38":{"start":{"line":109,"column":2},"end":{"line":109,"column":9}},"39":{"start":{"line":112,"column":0},"end":{"line":112,"column":59}}},"fnMap":{"0":{"name":"(anonymous_0)","decl":{"start":{"line":11,"column":21},"end":{"line":11,"column":22}},"loc":{"start":{"line":11,"column":41},"end":{"line":55,"column":1}},"line":11},"1":{"name":"(anonymous_1)","decl":{"start":{"line":61,"column":18},"end":{"line":61,"column":19}},"loc":{"start":{"line":61,"column":32},"end":{"line":84,"column":1}},"line":61},"2":{"name":"(anonymous_2)","decl":{"start":{"line":61,"column":32},"end":{"line":61,"column":33}},"loc":{"start":{"line":61,"column":52},"end":{"line":84,"column":1}},"line":61},"3":{"name":"(anonymous_3)","decl":{"start":{"line":90,"column":21},"end":{"line":90,"column":22}},"loc":{"start":{"line":90,"column":41},"end":{"line":110,"column":1}},"line":90}},"branchMap":{"0":{"loc":{"start":{"line":14,"column":2},"end":{"line":20,"column":3}},"type":"if","locations":[{"start":{"line":14,"column":2},"end":{"line":20,"column":3}},{"start":{},"end":{}}],"line":14},"1":{"loc":{"start":{"line":23,"column":2},"end":{"line":29,"column":3}},"type":"if","locations":[{"start":{"line":23,"column":2},"end":{"line":29,"column":3}},{"start":{},"end":{}}],"line":23},"2":{"loc":{"start":{"line":23,"column":6},"end":{"line":23,"column":49}},"type":"binary-expr","locations":[{"start":{"line":23,"column":6},"end":{"line":23,"column":24}},{"start":{"line":23,"column":28},"end":{"line":23,"column":49}}],"line":23},"3":{"loc":{"start":{"line":41,"column":4},"end":{"line":47,"column":5}},"type":"if","locations":[{"start":{"line":41,"column":4},"end":{"line":47,"column":5}},{"start":{},"end":{}}],"line":41},"4":{"loc":{"start":{"line":62,"column":2},"end":{"line":68,"column":3}},"type":"if","locations":[{"start":{"line":62,"column":2},"end":{"line":68,"column":3}},{"start":{},"end":{}}],"line":62},"5":{"loc":{"start":{"line":70,"column":2},"end":{"line":81,"column":3}},"type":"if","locations":[{"start":{"line":70,"column":2},"end":{"line":81,"column":3}},{"start":{},"end":{}}],"line":70},"6":{"loc":{"start":{"line":93,"column":2},"end":{"line":95,"column":3}},"type":"if","locations":[{"start":{"line":93,"column":2},"end":{"line":95,"column":3}},{"start":{},"end":{}}],"line":93},"7":{"loc":{"start":{"line":98,"column":2},"end":{"line":100,"column":3}},"type":"if","locations":[{"start":{"line":98,"column":2},"end":{"line":100,"column":3}},{"start":{},"end":{}}],"line":98},"8":{"loc":{"start":{"line":98,"column":6},"end":{"line":98,"column":49}},"type":"binary-expr","locations":[{"start":{"line":98,"column":6},"end":{"line":98,"column":24}},{"start":{"line":98,"column":28},"end":{"line":98,"column":49}}],"line":98}},"s":{"0":3,"1":3,"2":3,"3":3,"4":3,"5":3,"6":1,"7":2,"8":2,"9":0,"10":2,"11":2,"12":2,"13":1,"14":1,"15":1,"16":1,"17":1,"18":0,"19":1,"20":3,"21":12,"22":0,"23":0,"24":0,"25":0,"26":0,"27":0,"28":3,"29":0,"30":0,"31":0,"32":0,"33":0,"34":0,"35":0,"36":0,"37":0,"38":0,"39":3},"f":{"0":3,"1":12,"2":0,"3":0},"b":{"0":[1,2],"1":[0,2],"2":[2,2],"3":[0,1],"4":[0,0],"5":[0,0],"6":[0,0],"7":[0,0],"8":[0,0]},"_coverageSchema":"1a1c01bbd47fc00a2c39e90264f33305004495a9","hash":"adc7c888f566a42d4373aa2411abdb556c3ab22a"}
,"H:\\Infotact_files\\antigravity\\Project-02\\Month-2_Project-2\\app\\src\\middleware\\errorHandler.js": {"path":"H:\\Infotact_files\\antigravity\\Project-02\\Month-2_Project-2\\app\\src\\middleware\\errorHandler.js","statementMap":{"0":{"start":{"line":3,"column":15},"end":{"line":3,"column":41}},"1":{"start":{"line":9,"column":21},"end":{"line":60,"column":1}},"2":{"start":{"line":11,"column":2},"end":{"line":18,"column":5}},"3":{"start":{"line":21,"column":2},"end":{"line":28,"column":3}},"4":{"start":{"line":22,"column":4},"end":{"line":27,"column":7}},"5":{"start":{"line":31,"column":2},"end":{"line":37,"column":3}},"6":{"start":{"line":32,"column":4},"end":{"line":36,"column":7}},"7":{"start":{"line":40,"column":2},"end":{"line":46,"column":3}},"8":{"start":{"line":41,"column":4},"end":{"line":45,"column":7}},"9":{"start":{"line":49,"column":21},"end":{"line":49,"column":56}},"10":{"start":{"line":50,"column":18},"end":{"line":52,"column":17}},"11":{"start":{"line":54,"column":2},"end":{"line":59,"column":5}},"12":{"start":{"line":65,"column":24},"end":{"line":72,"column":1}},"13":{"start":{"line":66,"column":2},"end":{"line":66,"column":79}},"14":{"start":{"line":67,"column":2},"end":{"line":71,"column":5}},"15":{"start":{"line":74,"column":0},"end":{"line":74,"column":51}}},"fnMap":{"0":{"name":"(anonymous_0)","decl":{"start":{"line":9,"column":21},"end":{"line":9,"column":22}},"loc":{"start":{"line":9,"column":46},"end":{"line":60,"column":1}},"line":9},"1":{"name":"(anonymous_1)","decl":{"start":{"line":65,"column":24},"end":{"line":65,"column":25}},"loc":{"start":{"line":65,"column":38},"end":{"line":72,"column":1}},"line":65}},"branchMap":{"0":{"loc":{"start":{"line":13,"column":11},"end":{"line":13,"column":72}},"type":"cond-expr","locations":[{"start":{"line":13,"column":51},"end":{"line":13,"column":60}},{"start":{"line":13,"column":63},"end":{"line":13,"column":72}}],"line":13},"1":{"loc":{"start":{"line":21,"column":2},"end":{"line":28,"column":3}},"type":"if","locations":[{"start":{"line":21,"column":2},"end":{"line":28,"column":3}},{"start":{},"end":{}}],"line":21},"2":{"loc":{"start":{"line":25,"column":15},"end":{"line":25,"column":41}},"type":"binary-expr","locations":[{"start":{"line":25,"column":15},"end":{"line":25,"column":26}},{"start":{"line":25,"column":30},"end":{"line":25,"column":41}}],"line":25},"3":{"loc":{"start":{"line":31,"column":2},"end":{"line":37,"column":3}},"type":"if","locations":[{"start":{"line":31,"column":2},"end":{"line":37,"column":3}},{"start":{},"end":{}}],"line":31},"4":{"loc":{"start":{"line":31,"column":6},"end":{"line":31,"column":74}},"type":"binary-expr","locations":[{"start":{"line":31,"column":6},"end":{"line":31,"column":38}},{"start":{"line":31,"column":42},"end":{"line":31,"column":74}}],"line":31},"5":{"loc":{"start":{"line":40,"column":2},"end":{"line":46,"column":3}},"type":"if","locations":[{"start":{"line":40,"column":2},"end":{"line":46,"column":3}},{"start":{},"end":{}}],"line":40},"6":{"loc":{"start":{"line":40,"column":6},"end":{"line":40,"column":54}},"type":"binary-expr","locations":[{"start":{"line":40,"column":6},"end":{"line":40,"column":32}},{"start":{"line":40,"column":36},"end":{"line":40,"column":54}}],"line":40},"7":{"loc":{"start":{"line":49,"column":21},"end":{"line":49,"column":56}},"type":"binary-expr","locations":[{"start":{"line":49,"column":21},"end":{"line":49,"column":35}},{"start":{"line":49,"column":39},"end":{"line":49,"column":49}},{"start":{"line":49,"column":53},"end":{"line":49,"column":56}}],"line":49},"8":{"loc":{"start":{"line":50,"column":18},"end":{"line":52,"column":17}},"type":"cond-expr","locations":[{"start":{"line":51,"column":6},"end":{"line":51,"column":61}},{"start":{"line":52,"column":6},"end":{"line":52,"column":17}}],"line":50},"9":{"loc":{"start":{"line":50,"column":18},"end":{"line":50,"column":77}},"type":"binary-expr","locations":[{"start":{"line":50,"column":18},"end":{"line":50,"column":36}},{"start":{"line":50,"column":40},"end":{"line":50,"column":77}}],"line":50},"10":{"loc":{"start":{"line":57,"column":10},"end":{"line":57,"column":38}},"type":"binary-expr","locations":[{"start":{"line":57,"column":10},"end":{"line":57,"column":18}},{"start":{"line":57,"column":22},"end":{"line":57,"column":38}}],"line":57},"11":{"loc":{"start":{"line":58,"column":8},"end":{"line":58,"column":69}},"type":"binary-expr","locations":[{"start":{"line":58,"column":8},"end":{"line":58,"column":45}},{"start":{"line":58,"column":49},"end":{"line":58,"column":69}}],"line":58}},"s":{"0":3,"1":3,"2":0,"3":0,"4":0,"5":0,"6":0,"7":0,"8":0,"9":0,"10":0,"11":0,"12":3,"13":1,"14":1,"15":3},"f":{"0":0,"1":1},"b":{"0":[0,0],"1":[0,0],"2":[0,0],"3":[0,0],"4":[0,0],"5":[0,0],"6":[0,0],"7":[0,0,0],"8":[0,0],"9":[0,0],"10":[0,0],"11":[0,0]},"_coverageSchema":"1a1c01bbd47fc00a2c39e90264f33305004495a9","hash":"89dd1e3fb78e87bf59d1a56d410262f34148c8cd"}
,"H:\\Infotact_files\\antigravity\\Project-02\\Month-2_Project-2\\app\\src\\models\\store.js": {"path":"H:\\Infotact_files\\antigravity\\Project-02\\Month-2_Project-2\\app\\src\\models\\store.js","statementMap":{"0":{"start":{"line":3,"column":23},"end":{"line":3,"column":38}},"1":{"start":{"line":11,"column":4},"end":{"line":11,"column":27}},"2":{"start":{"line":12,"column":4},"end":{"line":12,"column":30}},"3":{"start":{"line":13,"column":4},"end":{"line":13,"column":27}},"4":{"start":{"line":14,"column":4},"end":{"line":14,"column":28}},"5":{"start":{"line":15,"column":4},"end":{"line":15,"column":30}},"6":{"start":{"line":16,"column":4},"end":{"line":16,"column":17}},"7":{"start":{"line":21,"column":21},"end":{"line":112,"column":5}},"8":{"start":{"line":114,"column":4},"end":{"line":114,"column":54}},"9":{"start":{"line":114,"column":26},"end":{"line":114,"column":52}},"10":{"start":{"line":119,"column":14},"end":{"line":119,"column":33}},"11":{"start":{"line":121,"column":0},"end":{"line":121,"column":23}}},"fnMap":{"0":{"name":"(anonymous_0)","decl":{"start":{"line":10,"column":2},"end":{"line":10,"column":3}},"loc":{"start":{"line":10,"column":16},"end":{"line":17,"column":3}},"line":10},"1":{"name":"(anonymous_1)","decl":{"start":{"line":19,"column":2},"end":{"line":19,"column":3}},"loc":{"start":{"line":19,"column":10},"end":{"line":115,"column":3}},"line":19},"2":{"name":"(anonymous_2)","decl":{"start":{"line":114,"column":21},"end":{"line":114,"column":22}},"loc":{"start":{"line":114,"column":26},"end":{"line":114,"column":52}},"line":114}},"branchMap":{},"s":{"0":3,"1":3,"2":3,"3":3,"4":3,"5":3,"6":3,"7":3,"8":3,"9":18,"10":3,"11":3},"f":{"0":3,"1":3,"2":18},"b":{},"_coverageSchema":"1a1c01bbd47fc00a2c39e90264f33305004495a9","hash":"5cdcdc8ff71fdb9f3d43e8ae247afddf96d2d1af"}
,"H:\\Infotact_files\\antigravity\\Project-02\\Month-2_Project-2\\app\\src\\routes\\auth.js": {"path":"H:\\Infotact_files\\antigravity\\Project-02\\Month-2_Project-2\\app\\src\\routes\\auth.js","statementMap":{"0":{"start":{"line":3,"column":16},"end":{"line":3,"column":34}},"1":{"start":{"line":4,"column":15},"end":{"line":4,"column":34}},"2":{"start":{"line":5,"column":12},"end":{"line":5,"column":35}},"3":{"start":{"line":6,"column":35},"end":{"line":6,"column":63}},"4":{"start":{"line":7,"column":23},"end":{"line":7,"column":38}},"5":{"start":{"line":8,"column":18},"end":{"line":8,"column":47}},"6":{"start":{"line":10,"column":15},"end":{"line":10,"column":35}},"7":{"start":{"line":11,"column":14},"end":{"line":11,"column":40}},"8":{"start":{"line":12,"column":15},"end":{"line":12,"column":41}},"9":{"start":{"line":14,"column":15},"end":{"line":14,"column":31}},"10":{"start":{"line":17,"column":21},"end":{"line":27,"column":2}},"11":{"start":{"line":29,"column":24},"end":{"line":37,"column":2}},"12":{"start":{"line":40,"column":23},"end":{"line":59,"column":1}},"13":{"start":{"line":41,"column":18},"end":{"line":46,"column":3}},"14":{"start":{"line":48,"column":22},"end":{"line":50,"column":4}},"15":{"start":{"line":52,"column":23},"end":{"line":56,"column":3}},"16":{"start":{"line":58,"column":2},"end":{"line":58,"column":39}},"17":{"start":{"line":61,"column":21},"end":{"line":68,"column":2}},"18":{"start":{"line":61,"column":32},"end":{"line":68,"column":1}},"19":{"start":{"line":71,"column":0},"end":{"line":147,"column":2}},"20":{"start":{"line":85,"column":4},"end":{"line":145,"column":5}},"21":{"start":{"line":86,"column":21},"end":{"line":86,"column":42}},"22":{"start":{"line":87,"column":6},"end":{"line":94,"column":7}},"23":{"start":{"line":88,"column":8},"end":{"line":93,"column":11}},"24":{"start":{"line":96,"column":55},"end":{"line":96,"column":63}},"25":{"start":{"line":99,"column":27},"end":{"line":100,"column":51}},"26":{"start":{"line":100,"column":19},"end":{"line":100,"column":50}},"27":{"start":{"line":102,"column":6},"end":{"line":108,"column":7}},"28":{"start":{"line":103,"column":8},"end":{"line":107,"column":11}},"29":{"start":{"line":111,"column":29},"end":{"line":111,"column":86}},"30":{"start":{"line":114,"column":19},"end":{"line":125,"column":7}},"31":{"start":{"line":127,"column":6},"end":{"line":127,"column":37}},"32":{"start":{"line":129,"column":44},"end":{"line":129,"column":64}},"33":{"start":{"line":131,"column":6},"end":{"line":131,"column":77}},"34":{"start":{"line":133,"column":6},"end":{"line":142,"column":9}},"35":{"start":{"line":144,"column":6},"end":{"line":144,"column":16}},"36":{"start":{"line":150,"column":0},"end":{"line":244,"column":2}},"37":{"start":{"line":158,"column":4},"end":{"line":242,"column":5}},"38":{"start":{"line":159,"column":21},"end":{"line":159,"column":42}},"39":{"start":{"line":160,"column":6},"end":{"line":167,"column":7}},"40":{"start":{"line":161,"column":8},"end":{"line":166,"column":11}},"41":{"start":{"line":169,"column":34},"end":{"line":169,"column":42}},"42":{"start":{"line":171,"column":19},"end":{"line":172,"column":51}},"43":{"start":{"line":172,"column":19},"end":{"line":172,"column":50}},"44":{"start":{"line":175,"column":6},"end":{"line":182,"column":7}},"45":{"start":{"line":176,"column":8},"end":{"line":176,"column":82}},"46":{"start":{"line":177,"column":8},"end":{"line":181,"column":11}},"47":{"start":{"line":185,"column":6},"end":{"line":192,"column":7}},"48":{"start":{"line":186,"column":30},"end":{"line":186,"column":94}},"49":{"start":{"line":187,"column":8},"end":{"line":191,"column":11}},"50":{"start":{"line":194,"column":30},"end":{"line":194,"column":75}},"51":{"start":{"line":196,"column":6},"end":{"line":218,"column":7}},"52":{"start":{"line":197,"column":8},"end":{"line":197,"column":59}},"53":{"start":{"line":199,"column":8},"end":{"line":209,"column":9}},"54":{"start":{"line":200,"column":10},"end":{"line":200,"column":98}},"55":{"start":{"line":201,"column":10},"end":{"line":201,"column":33}},"56":{"start":{"line":202,"column":10},"end":{"line":202,"column":41}},"57":{"start":{"line":203,"column":10},"end":{"line":203,"column":93}},"58":{"start":{"line":204,"column":10},"end":{"line":208,"column":13}},"59":{"start":{"line":211,"column":8},"end":{"line":211,"column":39}},"60":{"start":{"line":212,"column":8},"end":{"line":217,"column":11}},"61":{"start":{"line":221,"column":6},"end":{"line":221,"column":29}},"62":{"start":{"line":222,"column":6},"end":{"line":222,"column":30}},"63":{"start":{"line":223,"column":6},"end":{"line":223,"column":50}},"64":{"start":{"line":224,"column":6},"end":{"line":224,"column":37}},"65":{"start":{"line":226,"column":44},"end":{"line":226,"column":64}},"66":{"start":{"line":228,"column":6},"end":{"line":228,"column":76}},"67":{"start":{"line":230,"column":6},"end":{"line":239,"column":9}},"68":{"start":{"line":241,"column":6},"end":{"line":241,"column":16}},"69":{"start":{"line":247,"column":0},"end":{"line":298,"column":3}},"70":{"start":{"line":248,"column":2},"end":{"line":297,"column":3}},"71":{"start":{"line":249,"column":29},"end":{"line":249,"column":37}},"72":{"start":{"line":251,"column":4},"end":{"line":257,"column":5}},"73":{"start":{"line":252,"column":6},"end":{"line":256,"column":9}},"74":{"start":{"line":259,"column":20},"end":{"line":259,"column":63}},"75":{"start":{"line":261,"column":4},"end":{"line":267,"column":5}},"76":{"start":{"line":262,"column":6},"end":{"line":266,"column":9}},"77":{"start":{"line":269,"column":17},"end":{"line":269,"column":45}},"78":{"start":{"line":270,"column":4},"end":{"line":276,"column":5}},"79":{"start":{"line":271,"column":6},"end":{"line":275,"column":9}},"80":{"start":{"line":278,"column":19},"end":{"line":278,"column":39}},"81":{"start":{"line":280,"column":4},"end":{"line":287,"column":7}},"82":{"start":{"line":289,"column":4},"end":{"line":295,"column":5}},"83":{"start":{"line":290,"column":6},"end":{"line":294,"column":9}},"84":{"start":{"line":296,"column":4},"end":{"line":296,"column":14}},"85":{"start":{"line":301,"column":0},"end":{"line":316,"column":3}},"86":{"start":{"line":302,"column":15},"end":{"line":302,"column":44}},"87":{"start":{"line":304,"column":2},"end":{"line":310,"column":3}},"88":{"start":{"line":305,"column":4},"end":{"line":309,"column":7}},"89":{"start":{"line":312,"column":2},"end":{"line":315,"column":5}},"90":{"start":{"line":319,"column":0},"end":{"line":327,"column":3}},"91":{"start":{"line":321,"column":2},"end":{"line":321,"column":59}},"92":{"start":{"line":323,"column":2},"end":{"line":326,"column":5}},"93":{"start":{"line":329,"column":0},"end":{"line":329,"column":24}}},"fnMap":{"0":{"name":"(anonymous_0)","decl":{"start":{"line":40,"column":23},"end":{"line":40,"column":24}},"loc":{"start":{"line":40,"column":33},"end":{"line":59,"column":1}},"line":40},"1":{"name":"(anonymous_1)","decl":{"start":{"line":61,"column":21},"end":{"line":61,"column":22}},"loc":{"start":{"line":61,"column":32},"end":{"line":68,"column":1}},"line":61},"2":{"name":"(anonymous_2)","decl":{"start":{"line":84,"column":2},"end":{"line":84,"column":3}},"loc":{"start":{"line":84,"column":28},"end":{"line":146,"column":3}},"line":84},"3":{"name":"(anonymous_3)","decl":{"start":{"line":100,"column":14},"end":{"line":100,"column":15}},"loc":{"start":{"line":100,"column":19},"end":{"line":100,"column":50}},"line":100},"4":{"name":"(anonymous_4)","decl":{"start":{"line":157,"column":2},"end":{"line":157,"column":3}},"loc":{"start":{"line":157,"column":28},"end":{"line":243,"column":3}},"line":157},"5":{"name":"(anonymous_5)","decl":{"start":{"line":172,"column":14},"end":{"line":172,"column":15}},"loc":{"start":{"line":172,"column":19},"end":{"line":172,"column":50}},"line":172},"6":{"name":"(anonymous_6)","decl":{"start":{"line":247,"column":24},"end":{"line":247,"column":25}},"loc":{"start":{"line":247,"column":50},"end":{"line":298,"column":1}},"line":247},"7":{"name":"(anonymous_7)","decl":{"start":{"line":301,"column":62},"end":{"line":301,"column":63}},"loc":{"start":{"line":301,"column":76},"end":{"line":316,"column":1}},"line":301},"8":{"name":"(anonymous_8)","decl":{"start":{"line":319,"column":67},"end":{"line":319,"column":68}},"loc":{"start":{"line":319,"column":81},"end":{"line":327,"column":1}},"line":319}},"branchMap":{"0":{"loc":{"start":{"line":87,"column":6},"end":{"line":94,"column":7}},"type":"if","locations":[{"start":{"line":87,"column":6},"end":{"line":94,"column":7}},{"start":{},"end":{}}],"line":87},"1":{"loc":{"start":{"line":102,"column":6},"end":{"line":108,"column":7}},"type":"if","locations":[{"start":{"line":102,"column":6},"end":{"line":108,"column":7}},{"start":{},"end":{}}],"line":102},"2":{"loc":{"start":{"line":160,"column":6},"end":{"line":167,"column":7}},"type":"if","locations":[{"start":{"line":160,"column":6},"end":{"line":167,"column":7}},{"start":{},"end":{}}],"line":160},"3":{"loc":{"start":{"line":175,"column":6},"end":{"line":182,"column":7}},"type":"if","locations":[{"start":{"line":175,"column":6},"end":{"line":182,"column":7}},{"start":{},"end":{}}],"line":175},"4":{"loc":{"start":{"line":185,"column":6},"end":{"line":192,"column":7}},"type":"if","locations":[{"start":{"line":185,"column":6},"end":{"line":192,"column":7}},{"start":{},"end":{}}],"line":185},"5":{"loc":{"start":{"line":185,"column":10},"end":{"line":185,"column":69}},"type":"binary-expr","locations":[{"start":{"line":185,"column":10},"end":{"line":185,"column":26}},{"start":{"line":185,"column":30},"end":{"line":185,"column":69}}],"line":185},"6":{"loc":{"start":{"line":196,"column":6},"end":{"line":218,"column":7}},"type":"if","locations":[{"start":{"line":196,"column":6},"end":{"line":218,"column":7}},{"start":{},"end":{}}],"line":196},"7":{"loc":{"start":{"line":197,"column":30},"end":{"line":197,"column":53}},"type":"binary-expr","locations":[{"start":{"line":197,"column":30},"end":{"line":197,"column":48}},{"start":{"line":197,"column":52},"end":{"line":197,"column":53}}],"line":197},"8":{"loc":{"start":{"line":199,"column":8},"end":{"line":209,"column":9}},"type":"if","locations":[{"start":{"line":199,"column":8},"end":{"line":209,"column":9}},{"start":{},"end":{}}],"line":199},"9":{"loc":{"start":{"line":251,"column":4},"end":{"line":257,"column":5}},"type":"if","locations":[{"start":{"line":251,"column":4},"end":{"line":257,"column":5}},{"start":{},"end":{}}],"line":251},"10":{"loc":{"start":{"line":261,"column":4},"end":{"line":267,"column":5}},"type":"if","locations":[{"start":{"line":261,"column":4},"end":{"line":267,"column":5}},{"start":{},"end":{}}],"line":261},"11":{"loc":{"start":{"line":270,"column":4},"end":{"line":276,"column":5}},"type":"if","locations":[{"start":{"line":270,"column":4},"end":{"line":276,"column":5}},{"start":{},"end":{}}],"line":270},"12":{"loc":{"start":{"line":289,"column":4},"end":{"line":295,"column":5}},"type":"if","locations":[{"start":{"line":289,"column":4},"end":{"line":295,"column":5}},{"start":{},"end":{}}],"line":289},"13":{"loc":{"start":{"line":289,"column":8},"end":{"line":289,"column":76}},"type":"binary-expr","locations":[{"start":{"line":289,"column":8},"end":{"line":289,"column":40}},{"start":{"line":289,"column":44},"end":{"line":289,"column":76}}],"line":289},"14":{"loc":{"start":{"line":304,"column":2},"end":{"line":310,"column":3}},"type":"if","locations":[{"start":{"line":304,"column":2},"end":{"line":310,"column":3}},{"start":{},"end":{}}],"line":304}},"s":{"0":3,"1":3,"2":3,"3":3,"4":3,"5":3,"6":3,"7":3,"8":3,"9":3,"10":3,"11":3,"12":3,"13":3,"14":3,"15":3,"16":3,"17":3,"18":4,"19":3,"20":5,"21":5,"22":5,"23":2,"24":3,"25":3,"26":2,"27":3,"28":1,"29":2,"30":2,"31":2,"32":2,"33":2,"34":2,"35":0,"36":3,"37":3,"38":3,"39":3,"40":0,"41":3,"42":3,"43":4,"44":3,"45":1,"46":1,"47":2,"48":0,"49":0,"50":2,"51":2,"52":1,"53":1,"54":0,"55":0,"56":0,"57":0,"58":0,"59":1,"60":1,"61":1,"62":1,"63":1,"64":1,"65":1,"66":1,"67":1,"68":0,"69":3,"70":0,"71":0,"72":0,"73":0,"74":0,"75":0,"76":0,"77":0,"78":0,"79":0,"80":0,"81":0,"82":0,"83":0,"84":0,"85":3,"86":1,"87":1,"88":0,"89":1,"90":3,"91":0,"92":0,"93":3},"f":{"0":3,"1":4,"2":5,"3":2,"4":3,"5":4,"6":0,"7":1,"8":0},"b":{"0":[2,3],"1":[1,2],"2":[0,3],"3":[1,2],"4":[0,2],"5":[2,0],"6":[1,1],"7":[1,1],"8":[0,1],"9":[0,0],"10":[0,0],"11":[0,0],"12":[0,0],"13":[0,0],"14":[0,1]},"_coverageSchema":"1a1c01bbd47fc00a2c39e90264f33305004495a9","hash":"56816f6bab024dfdb12b6239f59c181accc49332"}
,"H:\\Infotact_files\\antigravity\\Project-02\\Month-2_Project-2\\app\\src\\routes\\cart.js": {"path":"H:\\Infotact_files\\antigravity\\Project-02\\Month-2_Project-2\\app\\src\\routes\\cart.js","statementMap":{"0":{"start":{"line":3,"column":16},"end":{"line":3,"column":34}},"1":{"start":{"line":4,"column":42},"end":{"line":4,"column":70}},"2":{"start":{"line":5,"column":23},"end":{"line":5,"column":38}},"3":{"start":{"line":7,"column":14},"end":{"line":7,"column":40}},"4":{"start":{"line":8,"column":25},"end":{"line":8,"column":54}},"5":{"start":{"line":9,"column":15},"end":{"line":9,"column":41}},"6":{"start":{"line":11,"column":15},"end":{"line":11,"column":31}},"7":{"start":{"line":14,"column":0},"end":{"line":14,"column":25}},"8":{"start":{"line":17,"column":24},"end":{"line":28,"column":1}},"9":{"start":{"line":18,"column":2},"end":{"line":26,"column":3}},"10":{"start":{"line":19,"column":4},"end":{"line":25,"column":7}},"11":{"start":{"line":27,"column":2},"end":{"line":27,"column":33}},"12":{"start":{"line":31,"column":24},"end":{"line":43,"column":1}},"13":{"start":{"line":32,"column":19},"end":{"line":32,"column":85}},"14":{"start":{"line":32,"column":47},"end":{"line":32,"column":81}},"15":{"start":{"line":33,"column":14},"end":{"line":33,"column":29}},"16":{"start":{"line":34,"column":19},"end":{"line":34,"column":45}},"17":{"start":{"line":35,"column":16},"end":{"line":35,"column":41}},"18":{"start":{"line":36,"column":2},"end":{"line":42,"column":4}},"19":{"start":{"line":41,"column":43},"end":{"line":41,"column":62}},"20":{"start":{"line":46,"column":0},"end":{"line":52,"column":3}},"21":{"start":{"line":47,"column":15},"end":{"line":47,"column":44}},"22":{"start":{"line":48,"column":2},"end":{"line":51,"column":5}},"23":{"start":{"line":55,"column":0},"end":{"line":121,"column":2}},"24":{"start":{"line":62,"column":19},"end":{"line":62,"column":40}},"25":{"start":{"line":63,"column":4},"end":{"line":65,"column":5}},"26":{"start":{"line":64,"column":6},"end":{"line":64,"column":107}},"27":{"start":{"line":67,"column":36},"end":{"line":67,"column":44}},"28":{"start":{"line":68,"column":20},"end":{"line":68,"column":49}},"29":{"start":{"line":70,"column":4},"end":{"line":72,"column":5}},"30":{"start":{"line":71,"column":6},"end":{"line":71,"column":109}},"31":{"start":{"line":74,"column":4},"end":{"line":80,"column":5}},"32":{"start":{"line":75,"column":6},"end":{"line":79,"column":9}},"33":{"start":{"line":82,"column":17},"end":{"line":82,"column":46}},"34":{"start":{"line":83,"column":25},"end":{"line":83,"column":72}},"35":{"start":{"line":83,"column":46},"end":{"line":83,"column":71}},"36":{"start":{"line":85,"column":4},"end":{"line":108,"column":5}},"37":{"start":{"line":86,"column":21},"end":{"line":86,"column":53}},"38":{"start":{"line":87,"column":6},"end":{"line":93,"column":7}},"39":{"start":{"line":88,"column":8},"end":{"line":92,"column":11}},"40":{"start":{"line":94,"column":6},"end":{"line":94,"column":37}},"41":{"start":{"line":95,"column":6},"end":{"line":95,"column":56}},"42":{"start":{"line":97,"column":6},"end":{"line":107,"column":9}},"43":{"start":{"line":110,"column":4},"end":{"line":110,"column":46}},"44":{"start":{"line":111,"column":4},"end":{"line":111,"column":40}},"45":{"start":{"line":113,"column":4},"end":{"line":113,"column":85}},"46":{"start":{"line":115,"column":4},"end":{"line":119,"column":7}},"47":{"start":{"line":124,"column":0},"end":{"line":169,"column":2}},"48":{"start":{"line":131,"column":19},"end":{"line":131,"column":40}},"49":{"start":{"line":132,"column":4},"end":{"line":134,"column":5}},"50":{"start":{"line":133,"column":6},"end":{"line":133,"column":107}},"51":{"start":{"line":136,"column":17},"end":{"line":136,"column":46}},"52":{"start":{"line":137,"column":22},"end":{"line":137,"column":75}},"53":{"start":{"line":137,"column":48},"end":{"line":137,"column":74}},"54":{"start":{"line":139,"column":4},"end":{"line":141,"column":5}},"55":{"start":{"line":140,"column":6},"end":{"line":140,"column":108}},"56":{"start":{"line":143,"column":25},"end":{"line":143,"column":33}},"57":{"start":{"line":145,"column":4},"end":{"line":158,"column":5}},"58":{"start":{"line":146,"column":6},"end":{"line":146,"column":38}},"59":{"start":{"line":148,"column":22},"end":{"line":148,"column":73}},"60":{"start":{"line":149,"column":6},"end":{"line":155,"column":7}},"61":{"start":{"line":150,"column":8},"end":{"line":154,"column":11}},"62":{"start":{"line":156,"column":6},"end":{"line":156,"column":48}},"63":{"start":{"line":157,"column":6},"end":{"line":157,"column":65}},"64":{"start":{"line":160,"column":4},"end":{"line":160,"column":46}},"65":{"start":{"line":161,"column":4},"end":{"line":161,"column":40}},"66":{"start":{"line":163,"column":4},"end":{"line":167,"column":7}},"67":{"start":{"line":172,"column":0},"end":{"line":194,"column":3}},"68":{"start":{"line":173,"column":17},"end":{"line":173,"column":38}},"69":{"start":{"line":174,"column":2},"end":{"line":176,"column":3}},"70":{"start":{"line":175,"column":4},"end":{"line":175,"column":98}},"71":{"start":{"line":178,"column":15},"end":{"line":178,"column":44}},"72":{"start":{"line":179,"column":20},"end":{"line":179,"column":73}},"73":{"start":{"line":179,"column":46},"end":{"line":179,"column":72}},"74":{"start":{"line":181,"column":2},"end":{"line":183,"column":3}},"75":{"start":{"line":182,"column":4},"end":{"line":182,"column":106}},"76":{"start":{"line":185,"column":2},"end":{"line":185,"column":34}},"77":{"start":{"line":186,"column":2},"end":{"line":186,"column":44}},"78":{"start":{"line":187,"column":2},"end":{"line":187,"column":38}},"79":{"start":{"line":189,"column":2},"end":{"line":193,"column":5}},"80":{"start":{"line":197,"column":0},"end":{"line":204,"column":3}},"81":{"start":{"line":198,"column":15},"end":{"line":198,"column":44}},"82":{"start":{"line":199,"column":2},"end":{"line":199,"column":18}},"83":{"start":{"line":200,"column":2},"end":{"line":200,"column":44}},"84":{"start":{"line":201,"column":2},"end":{"line":201,"column":38}},"85":{"start":{"line":203,"column":2},"end":{"line":203,"column":87}},"86":{"start":{"line":206,"column":0},"end":{"line":206,"column":24}}},"fnMap":{"0":{"name":"(anonymous_0)","decl":{"start":{"line":17,"column":24},"end":{"line":17,"column":25}},"loc":{"start":{"line":17,"column":36},"end":{"line":28,"column":1}},"line":17},"1":{"name":"(anonymous_1)","decl":{"start":{"line":31,"column":24},"end":{"line":31,"column":25}},"loc":{"start":{"line":31,"column":35},"end":{"line":43,"column":1}},"line":31},"2":{"name":"(anonymous_2)","decl":{"start":{"line":32,"column":32},"end":{"line":32,"column":33}},"loc":{"start":{"line":32,"column":47},"end":{"line":32,"column":81}},"line":32},"3":{"name":"(anonymous_3)","decl":{"start":{"line":41,"column":28},"end":{"line":41,"column":29}},"loc":{"start":{"line":41,"column":43},"end":{"line":41,"column":62}},"line":41},"4":{"name":"(anonymous_4)","decl":{"start":{"line":46,"column":16},"end":{"line":46,"column":17}},"loc":{"start":{"line":46,"column":30},"end":{"line":52,"column":1}},"line":46},"5":{"name":"(anonymous_5)","decl":{"start":{"line":61,"column":2},"end":{"line":61,"column":3}},"loc":{"start":{"line":61,"column":16},"end":{"line":120,"column":3}},"line":61},"6":{"name":"(anonymous_6)","decl":{"start":{"line":83,"column":41},"end":{"line":83,"column":42}},"loc":{"start":{"line":83,"column":46},"end":{"line":83,"column":71}},"line":83},"7":{"name":"(anonymous_7)","decl":{"start":{"line":130,"column":2},"end":{"line":130,"column":3}},"loc":{"start":{"line":130,"column":16},"end":{"line":168,"column":3}},"line":130},"8":{"name":"(anonymous_8)","decl":{"start":{"line":137,"column":43},"end":{"line":137,"column":44}},"loc":{"start":{"line":137,"column":48},"end":{"line":137,"column":74}},"line":137},"9":{"name":"(anonymous_9)","decl":{"start":{"line":172,"column":60},"end":{"line":172,"column":61}},"loc":{"start":{"line":172,"column":74},"end":{"line":194,"column":1}},"line":172},"10":{"name":"(anonymous_10)","decl":{"start":{"line":179,"column":41},"end":{"line":179,"column":42}},"loc":{"start":{"line":179,"column":46},"end":{"line":179,"column":72}},"line":179},"11":{"name":"(anonymous_11)","decl":{"start":{"line":197,"column":19},"end":{"line":197,"column":20}},"loc":{"start":{"line":197,"column":33},"end":{"line":204,"column":1}},"line":197}},"branchMap":{"0":{"loc":{"start":{"line":18,"column":2},"end":{"line":26,"column":3}},"type":"if","locations":[{"start":{"line":18,"column":2},"end":{"line":26,"column":3}},{"start":{},"end":{}}],"line":18},"1":{"loc":{"start":{"line":34,"column":19},"end":{"line":34,"column":45}},"type":"cond-expr","locations":[{"start":{"line":34,"column":37},"end":{"line":34,"column":38}},{"start":{"line":34,"column":41},"end":{"line":34,"column":45}}],"line":34},"2":{"loc":{"start":{"line":63,"column":4},"end":{"line":65,"column":5}},"type":"if","locations":[{"start":{"line":63,"column":4},"end":{"line":65,"column":5}},{"start":{},"end":{}}],"line":63},"3":{"loc":{"start":{"line":70,"column":4},"end":{"line":72,"column":5}},"type":"if","locations":[{"start":{"line":70,"column":4},"end":{"line":72,"column":5}},{"start":{},"end":{}}],"line":70},"4":{"loc":{"start":{"line":74,"column":4},"end":{"line":80,"column":5}},"type":"if","locations":[{"start":{"line":74,"column":4},"end":{"line":80,"column":5}},{"start":{},"end":{}}],"line":74},"5":{"loc":{"start":{"line":85,"column":4},"end":{"line":108,"column":5}},"type":"if","locations":[{"start":{"line":85,"column":4},"end":{"line":108,"column":5}},{"start":{"line":96,"column":11},"end":{"line":108,"column":5}}],"line":85},"6":{"loc":{"start":{"line":87,"column":6},"end":{"line":93,"column":7}},"type":"if","locations":[{"start":{"line":87,"column":6},"end":{"line":93,"column":7}},{"start":{},"end":{}}],"line":87},"7":{"loc":{"start":{"line":132,"column":4},"end":{"line":134,"column":5}},"type":"if","locations":[{"start":{"line":132,"column":4},"end":{"line":134,"column":5}},{"start":{},"end":{}}],"line":132},"8":{"loc":{"start":{"line":139,"column":4},"end":{"line":141,"column":5}},"type":"if","locations":[{"start":{"line":139,"column":4},"end":{"line":141,"column":5}},{"start":{},"end":{}}],"line":139},"9":{"loc":{"start":{"line":145,"column":4},"end":{"line":158,"column":5}},"type":"if","locations":[{"start":{"line":145,"column":4},"end":{"line":158,"column":5}},{"start":{"line":147,"column":11},"end":{"line":158,"column":5}}],"line":145},"10":{"loc":{"start":{"line":149,"column":6},"end":{"line":155,"column":7}},"type":"if","locations":[{"start":{"line":149,"column":6},"end":{"line":155,"column":7}},{"start":{},"end":{}}],"line":149},"11":{"loc":{"start":{"line":149,"column":10},"end":{"line":149,"column":45}},"type":"binary-expr","locations":[{"start":{"line":149,"column":10},"end":{"line":149,"column":17}},{"start":{"line":149,"column":21},"end":{"line":149,"column":45}}],"line":149},"12":{"loc":{"start":{"line":165,"column":15},"end":{"line":165,"column":73}},"type":"cond-expr","locations":[{"start":{"line":165,"column":32},"end":{"line":165,"column":56}},{"start":{"line":165,"column":59},"end":{"line":165,"column":73}}],"line":165},"13":{"loc":{"start":{"line":174,"column":2},"end":{"line":176,"column":3}},"type":"if","locations":[{"start":{"line":174,"column":2},"end":{"line":176,"column":3}},{"start":{},"end":{}}],"line":174},"14":{"loc":{"start":{"line":181,"column":2},"end":{"line":183,"column":3}},"type":"if","locations":[{"start":{"line":181,"column":2},"end":{"line":183,"column":3}},{"start":{},"end":{}}],"line":181}},"s":{"0":3,"1":3,"2":3,"3":3,"4":3,"5":3,"6":3,"7":3,"8":3,"9":0,"10":0,"11":0,"12":3,"13":0,"14":0,"15":0,"16":0,"17":0,"18":0,"19":0,"20":3,"21":0,"22":0,"23":3,"24":0,"25":0,"26":0,"27":0,"28":0,"29":0,"30":0,"31":0,"32":0,"33":0,"34":0,"35":0,"36":0,"37":0,"38":0,"39":0,"40":0,"41":0,"42":0,"43":0,"44":0,"45":0,"46":0,"47":3,"48":0,"49":0,"50":0,"51":0,"52":0,"53":0,"54":0,"55":0,"56":0,"57":0,"58":0,"59":0,"60":0,"61":0,"62":0,"63":0,"64":0,"65":0,"66":0,"67":3,"68":0,"69":0,"70":0,"71":0,"72":0,"73":0,"74":0,"75":0,"76":0,"77":0,"78":0,"79":0,"80":3,"81":0,"82":0,"83":0,"84":0,"85":0,"86":3},"f":{"0":0,"1":0,"2":0,"3":0,"4":0,"5":0,"6":0,"7":0,"8":0,"9":0,"10":0,"11":0},"b":{"0":[0,0],"1":[0,0],"2":[0,0],"3":[0,0],"4":[0,0],"5":[0,0],"6":[0,0],"7":[0,0],"8":[0,0],"9":[0,0],"10":[0,0],"11":[0,0],"12":[0,0],"13":[0,0],"14":[0,0]},"_coverageSchema":"1a1c01bbd47fc00a2c39e90264f33305004495a9","hash":"c7f430448ee5bb97340ee0248b1c42d63064b2fb"}
,"H:\\Infotact_files\\antigravity\\Project-02\\Month-2_Project-2\\app\\src\\routes\\orders.js": {"path":"H:\\Infotact_files\\antigravity\\Project-02\\Month-2_Project-2\\app\\src\\routes\\orders.js","statementMap":{"0":{"start":{"line":3,"column":16},"end":{"line":3,"column":34}},"1":{"start":{"line":4,"column":42},"end":{"line":4,"column":70}},"2":{"start":{"line":5,"column":23},"end":{"line":5,"column":38}},"3":{"start":{"line":7,"column":14},"end":{"line":7,"column":40}},"4":{"start":{"line":8,"column":36},"end":{"line":8,"column":65}},"5":{"start":{"line":9,"column":15},"end":{"line":9,"column":41}},"6":{"start":{"line":11,"column":15},"end":{"line":11,"column":31}},"7":{"start":{"line":13,"column":0},"end":{"line":13,"column":25}},"8":{"start":{"line":15,"column":23},"end":{"line":15,"column":110}},"9":{"start":{"line":18,"column":0},"end":{"line":33,"column":3}},"10":{"start":{"line":19,"column":18},"end":{"line":19,"column":62}},"11":{"start":{"line":21,"column":15},"end":{"line":21,"column":48}},"12":{"start":{"line":23,"column":2},"end":{"line":25,"column":3}},"13":{"start":{"line":24,"column":4},"end":{"line":24,"column":59}},"14":{"start":{"line":24,"column":32},"end":{"line":24,"column":57}},"15":{"start":{"line":27,"column":2},"end":{"line":27,"column":71}},"16":{"start":{"line":27,"column":24},"end":{"line":27,"column":69}},"17":{"start":{"line":29,"column":2},"end":{"line":32,"column":5}},"18":{"start":{"line":36,"column":0},"end":{"line":53,"column":3}},"19":{"start":{"line":37,"column":17},"end":{"line":37,"column":38}},"20":{"start":{"line":38,"column":2},"end":{"line":40,"column":3}},"21":{"start":{"line":39,"column":4},"end":{"line":39,"column":99}},"22":{"start":{"line":42,"column":16},"end":{"line":42,"column":47}},"23":{"start":{"line":43,"column":2},"end":{"line":45,"column":3}},"24":{"start":{"line":44,"column":4},"end":{"line":44,"column":103}},"25":{"start":{"line":47,"column":18},"end":{"line":47,"column":62}},"26":{"start":{"line":48,"column":2},"end":{"line":50,"column":3}},"27":{"start":{"line":49,"column":4},"end":{"line":49,"column":100}},"28":{"start":{"line":52,"column":2},"end":{"line":52,"column":66}},"29":{"start":{"line":56,"column":0},"end":{"line":153,"column":2}},"30":{"start":{"line":68,"column":19},"end":{"line":68,"column":40}},"31":{"start":{"line":69,"column":4},"end":{"line":71,"column":5}},"32":{"start":{"line":70,"column":6},"end":{"line":70,"column":107}},"33":{"start":{"line":73,"column":17},"end":{"line":73,"column":46}},"34":{"start":{"line":74,"column":4},"end":{"line":76,"column":5}},"35":{"start":{"line":75,"column":6},"end":{"line":75,"column":98}},"36":{"start":{"line":79,"column":23},"end":{"line":79,"column":25}},"37":{"start":{"line":80,"column":4},"end":{"line":105,"column":5}},"38":{"start":{"line":81,"column":22},"end":{"line":81,"column":56}},"39":{"start":{"line":82,"column":6},"end":{"line":88,"column":7}},"40":{"start":{"line":83,"column":8},"end":{"line":87,"column":11}},"41":{"start":{"line":89,"column":6},"end":{"line":95,"column":7}},"42":{"start":{"line":90,"column":8},"end":{"line":94,"column":11}},"43":{"start":{"line":96,"column":6},"end":{"line":104,"column":9}},"44":{"start":{"line":108,"column":4},"end":{"line":113,"column":7}},"45":{"start":{"line":109,"column":22},"end":{"line":109,"column":56}},"46":{"start":{"line":110,"column":6},"end":{"line":110,"column":37}},"47":{"start":{"line":111,"column":6},"end":{"line":111,"column":51}},"48":{"start":{"line":112,"column":6},"end":{"line":112,"column":50}},"49":{"start":{"line":115,"column":21},"end":{"line":115,"column":67}},"50":{"start":{"line":115,"column":49},"end":{"line":115,"column":63}},"51":{"start":{"line":116,"column":16},"end":{"line":116,"column":56}},"52":{"start":{"line":117,"column":21},"end":{"line":117,"column":47}},"53":{"start":{"line":118,"column":18},"end":{"line":118,"column":68}},"54":{"start":{"line":120,"column":18},"end":{"line":136,"column":5}},"55":{"start":{"line":138,"column":4},"end":{"line":138,"column":38}},"56":{"start":{"line":141,"column":4},"end":{"line":141,"column":20}},"57":{"start":{"line":142,"column":4},"end":{"line":142,"column":46}},"58":{"start":{"line":143,"column":4},"end":{"line":143,"column":40}},"59":{"start":{"line":145,"column":4},"end":{"line":145,"column":117}},"60":{"start":{"line":147,"column":4},"end":{"line":151,"column":7}},"61":{"start":{"line":156,"column":0},"end":{"line":190,"column":2}},"62":{"start":{"line":165,"column":19},"end":{"line":165,"column":40}},"63":{"start":{"line":166,"column":4},"end":{"line":168,"column":5}},"64":{"start":{"line":167,"column":6},"end":{"line":167,"column":107}},"65":{"start":{"line":170,"column":18},"end":{"line":170,"column":49}},"66":{"start":{"line":171,"column":4},"end":{"line":173,"column":5}},"67":{"start":{"line":172,"column":6},"end":{"line":172,"column":105}},"68":{"start":{"line":175,"column":29},"end":{"line":175,"column":37}},"69":{"start":{"line":176,"column":4},"end":{"line":176,"column":26}},"70":{"start":{"line":177,"column":4},"end":{"line":182,"column":7}},"71":{"start":{"line":183,"column":4},"end":{"line":183,"column":47}},"72":{"start":{"line":185,"column":4},"end":{"line":185,"column":38}},"73":{"start":{"line":186,"column":4},"end":{"line":186,"column":96}},"74":{"start":{"line":188,"column":4},"end":{"line":188,"column":101}},"75":{"start":{"line":193,"column":0},"end":{"line":232,"column":3}},"76":{"start":{"line":194,"column":17},"end":{"line":194,"column":38}},"77":{"start":{"line":195,"column":2},"end":{"line":197,"column":3}},"78":{"start":{"line":196,"column":4},"end":{"line":196,"column":99}},"79":{"start":{"line":199,"column":16},"end":{"line":199,"column":47}},"80":{"start":{"line":200,"column":2},"end":{"line":202,"column":3}},"81":{"start":{"line":201,"column":4},"end":{"line":201,"column":103}},"82":{"start":{"line":204,"column":18},"end":{"line":204,"column":62}},"83":{"start":{"line":205,"column":2},"end":{"line":207,"column":3}},"84":{"start":{"line":206,"column":4},"end":{"line":206,"column":100}},"85":{"start":{"line":209,"column":2},"end":{"line":215,"column":3}},"86":{"start":{"line":210,"column":4},"end":{"line":214,"column":7}},"87":{"start":{"line":218,"column":2},"end":{"line":224,"column":5}},"88":{"start":{"line":219,"column":20},"end":{"line":219,"column":54}},"89":{"start":{"line":220,"column":4},"end":{"line":223,"column":5}},"90":{"start":{"line":221,"column":6},"end":{"line":221,"column":37}},"91":{"start":{"line":222,"column":6},"end":{"line":222,"column":50}},"92":{"start":{"line":226,"column":2},"end":{"line":226,"column":29}},"93":{"start":{"line":227,"column":2},"end":{"line":227,"column":117}},"94":{"start":{"line":228,"column":2},"end":{"line":228,"column":45}},"95":{"start":{"line":229,"column":2},"end":{"line":229,"column":36}},"96":{"start":{"line":231,"column":2},"end":{"line":231,"column":107}},"97":{"start":{"line":234,"column":0},"end":{"line":234,"column":24}}},"fnMap":{"0":{"name":"(anonymous_0)","decl":{"start":{"line":18,"column":16},"end":{"line":18,"column":17}},"loc":{"start":{"line":18,"column":30},"end":{"line":33,"column":1}},"line":18},"1":{"name":"(anonymous_1)","decl":{"start":{"line":24,"column":27},"end":{"line":24,"column":28}},"loc":{"start":{"line":24,"column":32},"end":{"line":24,"column":57}},"line":24},"2":{"name":"(anonymous_2)","decl":{"start":{"line":27,"column":14},"end":{"line":27,"column":15}},"loc":{"start":{"line":27,"column":24},"end":{"line":27,"column":69}},"line":27},"3":{"name":"(anonymous_3)","decl":{"start":{"line":36,"column":43},"end":{"line":36,"column":44}},"loc":{"start":{"line":36,"column":57},"end":{"line":53,"column":1}},"line":36},"4":{"name":"(anonymous_4)","decl":{"start":{"line":67,"column":2},"end":{"line":67,"column":3}},"loc":{"start":{"line":67,"column":16},"end":{"line":152,"column":3}},"line":67},"5":{"name":"(anonymous_5)","decl":{"start":{"line":108,"column":23},"end":{"line":108,"column":24}},"loc":{"start":{"line":108,"column":31},"end":{"line":113,"column":5}},"line":108},"6":{"name":"(anonymous_6)","decl":{"start":{"line":115,"column":39},"end":{"line":115,"column":40}},"loc":{"start":{"line":115,"column":49},"end":{"line":115,"column":63}},"line":115},"7":{"name":"(anonymous_7)","decl":{"start":{"line":164,"column":2},"end":{"line":164,"column":3}},"loc":{"start":{"line":164,"column":16},"end":{"line":189,"column":3}},"line":164},"8":{"name":"(anonymous_8)","decl":{"start":{"line":193,"column":51},"end":{"line":193,"column":52}},"loc":{"start":{"line":193,"column":65},"end":{"line":232,"column":1}},"line":193},"9":{"name":"(anonymous_9)","decl":{"start":{"line":218,"column":22},"end":{"line":218,"column":23}},"loc":{"start":{"line":218,"column":30},"end":{"line":224,"column":3}},"line":218}},"branchMap":{"0":{"loc":{"start":{"line":23,"column":2},"end":{"line":25,"column":3}},"type":"if","locations":[{"start":{"line":23,"column":2},"end":{"line":25,"column":3}},{"start":{},"end":{}}],"line":23},"1":{"loc":{"start":{"line":38,"column":2},"end":{"line":40,"column":3}},"type":"if","locations":[{"start":{"line":38,"column":2},"end":{"line":40,"column":3}},{"start":{},"end":{}}],"line":38},"2":{"loc":{"start":{"line":43,"column":2},"end":{"line":45,"column":3}},"type":"if","locations":[{"start":{"line":43,"column":2},"end":{"line":45,"column":3}},{"start":{},"end":{}}],"line":43},"3":{"loc":{"start":{"line":48,"column":2},"end":{"line":50,"column":3}},"type":"if","locations":[{"start":{"line":48,"column":2},"end":{"line":50,"column":3}},{"start":{},"end":{}}],"line":48},"4":{"loc":{"start":{"line":48,"column":6},"end":{"line":48,"column":47}},"type":"binary-expr","locations":[{"start":{"line":48,"column":6},"end":{"line":48,"column":14}},{"start":{"line":48,"column":18},"end":{"line":48,"column":47}}],"line":48},"5":{"loc":{"start":{"line":69,"column":4},"end":{"line":71,"column":5}},"type":"if","locations":[{"start":{"line":69,"column":4},"end":{"line":71,"column":5}},{"start":{},"end":{}}],"line":69},"6":{"loc":{"start":{"line":74,"column":4},"end":{"line":76,"column":5}},"type":"if","locations":[{"start":{"line":74,"column":4},"end":{"line":76,"column":5}},{"start":{},"end":{}}],"line":74},"7":{"loc":{"start":{"line":74,"column":8},"end":{"line":74,"column":40}},"type":"binary-expr","locations":[{"start":{"line":74,"column":8},"end":{"line":74,"column":13}},{"start":{"line":74,"column":17},"end":{"line":74,"column":40}}],"line":74},"8":{"loc":{"start":{"line":82,"column":6},"end":{"line":88,"column":7}},"type":"if","locations":[{"start":{"line":82,"column":6},"end":{"line":88,"column":7}},{"start":{},"end":{}}],"line":82},"9":{"loc":{"start":{"line":89,"column":6},"end":{"line":95,"column":7}},"type":"if","locations":[{"start":{"line":89,"column":6},"end":{"line":95,"column":7}},{"start":{},"end":{}}],"line":89},"10":{"loc":{"start":{"line":117,"column":21},"end":{"line":117,"column":47}},"type":"cond-expr","locations":[{"start":{"line":117,"column":39},"end":{"line":117,"column":40}},{"start":{"line":117,"column":43},"end":{"line":117,"column":47}}],"line":117},"11":{"loc":{"start":{"line":166,"column":4},"end":{"line":168,"column":5}},"type":"if","locations":[{"start":{"line":166,"column":4},"end":{"line":168,"column":5}},{"start":{},"end":{}}],"line":166},"12":{"loc":{"start":{"line":171,"column":4},"end":{"line":173,"column":5}},"type":"if","locations":[{"start":{"line":171,"column":4},"end":{"line":173,"column":5}},{"start":{},"end":{}}],"line":171},"13":{"loc":{"start":{"line":180,"column":12},"end":{"line":180,"column":49}},"type":"binary-expr","locations":[{"start":{"line":180,"column":12},"end":{"line":180,"column":16}},{"start":{"line":180,"column":20},"end":{"line":180,"column":49}}],"line":180},"14":{"loc":{"start":{"line":195,"column":2},"end":{"line":197,"column":3}},"type":"if","locations":[{"start":{"line":195,"column":2},"end":{"line":197,"column":3}},{"start":{},"end":{}}],"line":195},"15":{"loc":{"start":{"line":200,"column":2},"end":{"line":202,"column":3}},"type":"if","locations":[{"start":{"line":200,"column":2},"end":{"line":202,"column":3}},{"start":{},"end":{}}],"line":200},"16":{"loc":{"start":{"line":205,"column":2},"end":{"line":207,"column":3}},"type":"if","locations":[{"start":{"line":205,"column":2},"end":{"line":207,"column":3}},{"start":{},"end":{}}],"line":205},"17":{"loc":{"start":{"line":205,"column":6},"end":{"line":205,"column":47}},"type":"binary-expr","locations":[{"start":{"line":205,"column":6},"end":{"line":205,"column":14}},{"start":{"line":205,"column":18},"end":{"line":205,"column":47}}],"line":205},"18":{"loc":{"start":{"line":209,"column":2},"end":{"line":215,"column":3}},"type":"if","locations":[{"start":{"line":209,"column":2},"end":{"line":215,"column":3}},{"start":{},"end":{}}],"line":209},"19":{"loc":{"start":{"line":220,"column":4},"end":{"line":223,"column":5}},"type":"if","locations":[{"start":{"line":220,"column":4},"end":{"line":223,"column":5}},{"start":{},"end":{}}],"line":220}},"s":{"0":3,"1":3,"2":3,"3":3,"4":3,"5":3,"6":3,"7":3,"8":3,"9":3,"10":0,"11":0,"12":0,"13":0,"14":0,"15":0,"16":0,"17":0,"18":3,"19":0,"20":0,"21":0,"22":0,"23":0,"24":0,"25":0,"26":0,"27":0,"28":0,"29":3,"30":0,"31":0,"32":0,"33":0,"34":0,"35":0,"36":0,"37":0,"38":0,"39":0,"40":0,"41":0,"42":0,"43":0,"44":0,"45":0,"46":0,"47":0,"48":0,"49":0,"50":0,"51":0,"52":0,"53":0,"54":0,"55":0,"56":0,"57":0,"58":0,"59":0,"60":0,"61":3,"62":0,"63":0,"64":0,"65":0,"66":0,"67":0,"68":0,"69":0,"70":0,"71":0,"72":0,"73":0,"74":0,"75":3,"76":0,"77":0,"78":0,"79":0,"80":0,"81":0,"82":0,"83":0,"84":0,"85":0,"86":0,"87":0,"88":0,"89":0,"90":0,"91":0,"92":0,"93":0,"94":0,"95":0,"96":0,"97":3},"f":{"0":0,"1":0,"2":0,"3":0,"4":0,"5":0,"6":0,"7":0,"8":0,"9":0},"b":{"0":[0,0],"1":[0,0],"2":[0,0],"3":[0,0],"4":[0,0],"5":[0,0],"6":[0,0],"7":[0,0],"8":[0,0],"9":[0,0],"10":[0,0],"11":[0,0],"12":[0,0],"13":[0,0],"14":[0,0],"15":[0,0],"16":[0,0],"17":[0,0],"18":[0,0],"19":[0,0]},"_coverageSchema":"1a1c01bbd47fc00a2c39e90264f33305004495a9","hash":"7cf19aeb2aa49e9f5fc6857f8a757cb938cda796"}
,"H:\\Infotact_files\\antigravity\\Project-02\\Month-2_Project-2\\app\\src\\routes\\products.js": {"path":"H:\\Infotact_files\\antigravity\\Project-02\\Month-2_Project-2\\app\\src\\routes\\products.js","statementMap":{"0":{"start":{"line":3,"column":16},"end":{"line":3,"column":34}},"1":{"start":{"line":4,"column":49},"end":{"line":4,"column":77}},"2":{"start":{"line":5,"column":23},"end":{"line":5,"column":38}},"3":{"start":{"line":7,"column":14},"end":{"line":7,"column":40}},"4":{"start":{"line":8,"column":36},"end":{"line":8,"column":65}},"5":{"start":{"line":9,"column":15},"end":{"line":9,"column":41}},"6":{"start":{"line":11,"column":15},"end":{"line":11,"column":31}},"7":{"start":{"line":14,"column":0},"end":{"line":91,"column":2}},"8":{"start":{"line":27,"column":19},"end":{"line":27,"column":40}},"9":{"start":{"line":28,"column":4},"end":{"line":30,"column":5}},"10":{"start":{"line":29,"column":6},"end":{"line":29,"column":114}},"11":{"start":{"line":41,"column":8},"end":{"line":41,"column":17}},"12":{"start":{"line":43,"column":19},"end":{"line":43,"column":54}},"13":{"start":{"line":46,"column":4},"end":{"line":48,"column":5}},"14":{"start":{"line":47,"column":6},"end":{"line":47,"column":91}},"15":{"start":{"line":47,"column":38},"end":{"line":47,"column":89}},"16":{"start":{"line":51,"column":4},"end":{"line":58,"column":5}},"17":{"start":{"line":52,"column":19},"end":{"line":52,"column":39}},"18":{"start":{"line":53,"column":6},"end":{"line":57,"column":8}},"19":{"start":{"line":54,"column":8},"end":{"line":56,"column":56}},"20":{"start":{"line":56,"column":25},"end":{"line":56,"column":55}},"21":{"start":{"line":61,"column":4},"end":{"line":63,"column":5}},"22":{"start":{"line":62,"column":6},"end":{"line":62,"column":59}},"23":{"start":{"line":62,"column":38},"end":{"line":62,"column":57}},"24":{"start":{"line":64,"column":4},"end":{"line":66,"column":5}},"25":{"start":{"line":65,"column":6},"end":{"line":65,"column":59}},"26":{"start":{"line":65,"column":38},"end":{"line":65,"column":57}},"27":{"start":{"line":69,"column":4},"end":{"line":75,"column":7}},"28":{"start":{"line":70,"column":19},"end":{"line":70,"column":28}},"29":{"start":{"line":71,"column":19},"end":{"line":71,"column":28}},"30":{"start":{"line":72,"column":24},"end":{"line":72,"column":52}},"31":{"start":{"line":73,"column":6},"end":{"line":73,"column":80}},"32":{"start":{"line":73,"column":36},"end":{"line":73,"column":80}},"33":{"start":{"line":74,"column":6},"end":{"line":74,"column":39}},"34":{"start":{"line":78,"column":18},"end":{"line":78,"column":33}},"35":{"start":{"line":79,"column":23},"end":{"line":79,"column":47}},"36":{"start":{"line":80,"column":18},"end":{"line":80,"column":36}},"37":{"start":{"line":81,"column":22},"end":{"line":81,"column":58}},"38":{"start":{"line":83,"column":4},"end":{"line":89,"column":7}},"39":{"start":{"line":94,"column":0},"end":{"line":102,"column":3}},"40":{"start":{"line":95,"column":19},"end":{"line":95,"column":54}},"41":{"start":{"line":96,"column":21},"end":{"line":96,"column":71}},"42":{"start":{"line":96,"column":51},"end":{"line":96,"column":61}},"43":{"start":{"line":98,"column":2},"end":{"line":101,"column":5}},"44":{"start":{"line":105,"column":0},"end":{"line":117,"column":3}},"45":{"start":{"line":106,"column":17},"end":{"line":106,"column":38}},"46":{"start":{"line":107,"column":2},"end":{"line":109,"column":3}},"47":{"start":{"line":108,"column":4},"end":{"line":108,"column":108}},"48":{"start":{"line":111,"column":18},"end":{"line":111,"column":51}},"49":{"start":{"line":112,"column":2},"end":{"line":114,"column":3}},"50":{"start":{"line":113,"column":4},"end":{"line":113,"column":107}},"51":{"start":{"line":116,"column":2},"end":{"line":116,"column":68}},"52":{"start":{"line":120,"column":0},"end":{"line":167,"column":2}},"53":{"start":{"line":133,"column":19},"end":{"line":133,"column":40}},"54":{"start":{"line":134,"column":4},"end":{"line":136,"column":5}},"55":{"start":{"line":135,"column":6},"end":{"line":135,"column":107}},"56":{"start":{"line":138,"column":79},"end":{"line":138,"column":87}},"57":{"start":{"line":141,"column":24},"end":{"line":141,"column":84}},"58":{"start":{"line":141,"column":70},"end":{"line":141,"column":83}},"59":{"start":{"line":142,"column":4},"end":{"line":144,"column":5}},"60":{"start":{"line":143,"column":6},"end":{"line":143,"column":106}},"61":{"start":{"line":146,"column":20},"end":{"line":160,"column":5}},"62":{"start":{"line":162,"column":4},"end":{"line":162,"column":44}},"63":{"start":{"line":163,"column":4},"end":{"line":163,"column":104}},"64":{"start":{"line":165,"column":4},"end":{"line":165,"column":111}},"65":{"start":{"line":170,"column":0},"end":{"line":203,"column":2}},"66":{"start":{"line":180,"column":19},"end":{"line":180,"column":40}},"67":{"start":{"line":181,"column":4},"end":{"line":183,"column":5}},"68":{"start":{"line":182,"column":6},"end":{"line":182,"column":107}},"69":{"start":{"line":185,"column":20},"end":{"line":185,"column":53}},"70":{"start":{"line":186,"column":4},"end":{"line":188,"column":5}},"71":{"start":{"line":187,"column":6},"end":{"line":187,"column":109}},"72":{"start":{"line":190,"column":26},"end":{"line":190,"column":99}},"73":{"start":{"line":191,"column":4},"end":{"line":195,"column":7}},"74":{"start":{"line":192,"column":6},"end":{"line":194,"column":7}},"75":{"start":{"line":193,"column":8},"end":{"line":193,"column":41}},"76":{"start":{"line":196,"column":4},"end":{"line":196,"column":49}},"77":{"start":{"line":198,"column":4},"end":{"line":198,"column":44}},"78":{"start":{"line":199,"column":4},"end":{"line":199,"column":84}},"79":{"start":{"line":201,"column":4},"end":{"line":201,"column":98}},"80":{"start":{"line":206,"column":0},"end":{"line":227,"column":2}},"81":{"start":{"line":212,"column":19},"end":{"line":212,"column":40}},"82":{"start":{"line":213,"column":4},"end":{"line":215,"column":5}},"83":{"start":{"line":214,"column":6},"end":{"line":214,"column":110}},"84":{"start":{"line":217,"column":20},"end":{"line":217,"column":53}},"85":{"start":{"line":218,"column":4},"end":{"line":220,"column":5}},"86":{"start":{"line":219,"column":6},"end":{"line":219,"column":109}},"87":{"start":{"line":222,"column":4},"end":{"line":222,"column":41}},"88":{"start":{"line":223,"column":4},"end":{"line":223,"column":87}},"89":{"start":{"line":225,"column":4},"end":{"line":225,"column":92}},"90":{"start":{"line":229,"column":0},"end":{"line":229,"column":24}}},"fnMap":{"0":{"name":"(anonymous_0)","decl":{"start":{"line":26,"column":2},"end":{"line":26,"column":3}},"loc":{"start":{"line":26,"column":16},"end":{"line":90,"column":3}},"line":26},"1":{"name":"(anonymous_1)","decl":{"start":{"line":47,"column":33},"end":{"line":47,"column":34}},"loc":{"start":{"line":47,"column":38},"end":{"line":47,"column":89}},"line":47},"2":{"name":"(anonymous_2)","decl":{"start":{"line":53,"column":33},"end":{"line":53,"column":34}},"loc":{"start":{"line":54,"column":8},"end":{"line":56,"column":56}},"line":54},"3":{"name":"(anonymous_3)","decl":{"start":{"line":56,"column":20},"end":{"line":56,"column":21}},"loc":{"start":{"line":56,"column":25},"end":{"line":56,"column":55}},"line":56},"4":{"name":"(anonymous_4)","decl":{"start":{"line":62,"column":33},"end":{"line":62,"column":34}},"loc":{"start":{"line":62,"column":38},"end":{"line":62,"column":57}},"line":62},"5":{"name":"(anonymous_5)","decl":{"start":{"line":65,"column":33},"end":{"line":65,"column":34}},"loc":{"start":{"line":65,"column":38},"end":{"line":65,"column":57}},"line":65},"6":{"name":"(anonymous_6)","decl":{"start":{"line":69,"column":18},"end":{"line":69,"column":19}},"loc":{"start":{"line":69,"column":28},"end":{"line":75,"column":5}},"line":69},"7":{"name":"(anonymous_7)","decl":{"start":{"line":94,"column":26},"end":{"line":94,"column":27}},"loc":{"start":{"line":94,"column":40},"end":{"line":102,"column":1}},"line":94},"8":{"name":"(anonymous_8)","decl":{"start":{"line":96,"column":46},"end":{"line":96,"column":47}},"loc":{"start":{"line":96,"column":51},"end":{"line":96,"column":61}},"line":96},"9":{"name":"(anonymous_9)","decl":{"start":{"line":105,"column":43},"end":{"line":105,"column":44}},"loc":{"start":{"line":105,"column":57},"end":{"line":117,"column":1}},"line":105},"10":{"name":"(anonymous_10)","decl":{"start":{"line":132,"column":2},"end":{"line":132,"column":3}},"loc":{"start":{"line":132,"column":16},"end":{"line":166,"column":3}},"line":132},"11":{"name":"(anonymous_11)","decl":{"start":{"line":141,"column":65},"end":{"line":141,"column":66}},"loc":{"start":{"line":141,"column":70},"end":{"line":141,"column":83}},"line":141},"12":{"name":"(anonymous_12)","decl":{"start":{"line":179,"column":2},"end":{"line":179,"column":3}},"loc":{"start":{"line":179,"column":16},"end":{"line":202,"column":3}},"line":179},"13":{"name":"(anonymous_13)","decl":{"start":{"line":191,"column":26},"end":{"line":191,"column":27}},"loc":{"start":{"line":191,"column":35},"end":{"line":195,"column":5}},"line":191},"14":{"name":"(anonymous_14)","decl":{"start":{"line":211,"column":2},"end":{"line":211,"column":3}},"loc":{"start":{"line":211,"column":16},"end":{"line":226,"column":3}},"line":211}},"branchMap":{"0":{"loc":{"start":{"line":28,"column":4},"end":{"line":30,"column":5}},"type":"if","locations":[{"start":{"line":28,"column":4},"end":{"line":30,"column":5}},{"start":{},"end":{}}],"line":28},"1":{"loc":{"start":{"line":33,"column":6},"end":{"line":33,"column":14}},"type":"default-arg","locations":[{"start":{"line":33,"column":13},"end":{"line":33,"column":14}}],"line":33},"2":{"loc":{"start":{"line":34,"column":6},"end":{"line":34,"column":16}},"type":"default-arg","locations":[{"start":{"line":34,"column":14},"end":{"line":34,"column":16}}],"line":34},"3":{"loc":{"start":{"line":39,"column":6},"end":{"line":39,"column":26}},"type":"default-arg","locations":[{"start":{"line":39,"column":15},"end":{"line":39,"column":26}}],"line":39},"4":{"loc":{"start":{"line":40,"column":6},"end":{"line":40,"column":24}},"type":"default-arg","locations":[{"start":{"line":40,"column":18},"end":{"line":40,"column":24}}],"line":40},"5":{"loc":{"start":{"line":46,"column":4},"end":{"line":48,"column":5}},"type":"if","locations":[{"start":{"line":46,"column":4},"end":{"line":48,"column":5}},{"start":{},"end":{}}],"line":46},"6":{"loc":{"start":{"line":51,"column":4},"end":{"line":58,"column":5}},"type":"if","locations":[{"start":{"line":51,"column":4},"end":{"line":58,"column":5}},{"start":{},"end":{}}],"line":51},"7":{"loc":{"start":{"line":54,"column":8},"end":{"line":56,"column":56}},"type":"binary-expr","locations":[{"start":{"line":54,"column":8},"end":{"line":54,"column":43}},{"start":{"line":55,"column":8},"end":{"line":55,"column":50}},{"start":{"line":56,"column":8},"end":{"line":56,"column":56}}],"line":54},"8":{"loc":{"start":{"line":61,"column":4},"end":{"line":63,"column":5}},"type":"if","locations":[{"start":{"line":61,"column":4},"end":{"line":63,"column":5}},{"start":{},"end":{}}],"line":61},"9":{"loc":{"start":{"line":64,"column":4},"end":{"line":66,"column":5}},"type":"if","locations":[{"start":{"line":64,"column":4},"end":{"line":66,"column":5}},{"start":{},"end":{}}],"line":64},"10":{"loc":{"start":{"line":72,"column":24},"end":{"line":72,"column":52}},"type":"cond-expr","locations":[{"start":{"line":72,"column":46},"end":{"line":72,"column":47}},{"start":{"line":72,"column":50},"end":{"line":72,"column":52}}],"line":72},"11":{"loc":{"start":{"line":73,"column":6},"end":{"line":73,"column":80}},"type":"if","locations":[{"start":{"line":73,"column":6},"end":{"line":73,"column":80}},{"start":{},"end":{}}],"line":73},"12":{"loc":{"start":{"line":107,"column":2},"end":{"line":109,"column":3}},"type":"if","locations":[{"start":{"line":107,"column":2},"end":{"line":109,"column":3}},{"start":{},"end":{}}],"line":107},"13":{"loc":{"start":{"line":112,"column":2},"end":{"line":114,"column":3}},"type":"if","locations":[{"start":{"line":112,"column":2},"end":{"line":114,"column":3}},{"start":{},"end":{}}],"line":112},"14":{"loc":{"start":{"line":134,"column":4},"end":{"line":136,"column":5}},"type":"if","locations":[{"start":{"line":134,"column":4},"end":{"line":136,"column":5}},{"start":{},"end":{}}],"line":134},"15":{"loc":{"start":{"line":142,"column":4},"end":{"line":144,"column":5}},"type":"if","locations":[{"start":{"line":142,"column":4},"end":{"line":144,"column":5}},{"start":{},"end":{}}],"line":142},"16":{"loc":{"start":{"line":154,"column":16},"end":{"line":154,"column":32}},"type":"binary-expr","locations":[{"start":{"line":154,"column":16},"end":{"line":154,"column":24}},{"start":{"line":154,"column":28},"end":{"line":154,"column":32}}],"line":154},"17":{"loc":{"start":{"line":155,"column":12},"end":{"line":155,"column":43}},"type":"cond-expr","locations":[{"start":{"line":155,"column":34},"end":{"line":155,"column":38}},{"start":{"line":155,"column":41},"end":{"line":155,"column":43}}],"line":155},"18":{"loc":{"start":{"line":181,"column":4},"end":{"line":183,"column":5}},"type":"if","locations":[{"start":{"line":181,"column":4},"end":{"line":183,"column":5}},{"start":{},"end":{}}],"line":181},"19":{"loc":{"start":{"line":186,"column":4},"end":{"line":188,"column":5}},"type":"if","locations":[{"start":{"line":186,"column":4},"end":{"line":188,"column":5}},{"start":{},"end":{}}],"line":186},"20":{"loc":{"start":{"line":192,"column":6},"end":{"line":194,"column":7}},"type":"if","locations":[{"start":{"line":192,"column":6},"end":{"line":194,"column":7}},{"start":{},"end":{}}],"line":192},"21":{"loc":{"start":{"line":213,"column":4},"end":{"line":215,"column":5}},"type":"if","locations":[{"start":{"line":213,"column":4},"end":{"line":215,"column":5}},{"start":{},"end":{}}],"line":213},"22":{"loc":{"start":{"line":218,"column":4},"end":{"line":220,"column":5}},"type":"if","locations":[{"start":{"line":218,"column":4},"end":{"line":220,"column":5}},{"start":{},"end":{}}],"line":218}},"s":{"0":3,"1":3,"2":3,"3":3,"4":3,"5":3,"6":3,"7":3,"8":6,"9":6,"10":0,"11":6,"12":6,"13":6,"14":1,"15":6,"16":6,"17":1,"18":1,"19":6,"20":15,"21":6,"22":1,"23":6,"24":6,"25":1,"26":6,"27":6,"28":20,"29":20,"30":20,"31":20,"32":20,"33":0,"34":6,"35":6,"36":6,"37":6,"38":6,"39":3,"40":1,"41":1,"42":6,"43":1,"44":3,"45":3,"46":3,"47":1,"48":2,"49":2,"50":1,"51":1,"52":3,"53":0,"54":0,"55":0,"56":0,"57":0,"58":0,"59":0,"60":0,"61":0,"62":0,"63":0,"64":0,"65":3,"66":0,"67":0,"68":0,"69":0,"70":0,"71":0,"72":0,"73":0,"74":0,"75":0,"76":0,"77":0,"78":0,"79":0,"80":3,"81":0,"82":0,"83":0,"84":0,"85":0,"86":0,"87":0,"88":0,"89":0,"90":3},"f":{"0":6,"1":6,"2":6,"3":15,"4":6,"5":6,"6":20,"7":1,"8":6,"9":3,"10":0,"11":0,"12":0,"13":0,"14":0},"b":{"0":[0,6],"1":[5],"2":[5],"3":[6],"4":[6],"5":[1,5],"6":[1,5],"7":[6,5,5],"8":[1,5],"9":[1,5],"10":[0,20],"11":[20,0],"12":[1,2],"13":[1,1],"14":[0,0],"15":[0,0],"16":[0,0],"17":[0,0],"18":[0,0],"19":[0,0],"20":[0,0],"21":[0,0],"22":[0,0]},"_coverageSchema":"1a1c01bbd47fc00a2c39e90264f33305004495a9","hash":"7e13d4157ba9586952c981e65b5f2f52005ee57a"}
,"H:\\Infotact_files\\antigravity\\Project-02\\Month-2_Project-2\\app\\src\\utils\\logger.js": {"path":"H:\\Infotact_files\\antigravity\\Project-02\\Month-2_Project-2\\app\\src\\utils\\logger.js","statementMap":{"0":{"start":{"line":3,"column":16},"end":{"line":3,"column":34}},"1":{"start":{"line":4,"column":15},"end":{"line":4,"column":35}},"2":{"start":{"line":6,"column":63},"end":{"line":6,"column":77}},"3":{"start":{"line":8,"column":15},"end":{"line":20,"column":2}},"4":{"start":{"line":23,"column":0},"end":{"line":25,"column":2}},"5":{"start":{"line":24,"column":22},"end":{"line":24,"column":49}},"6":{"start":{"line":27,"column":0},"end":{"line":27,"column":24}}},"fnMap":{"0":{"name":"(anonymous_0)","decl":{"start":{"line":24,"column":9},"end":{"line":24,"column":10}},"loc":{"start":{"line":24,"column":22},"end":{"line":24,"column":49}},"line":24}},"branchMap":{"0":{"loc":{"start":{"line":10,"column":10},"end":{"line":12,"column":35}},"type":"cond-expr","locations":[{"start":{"line":11,"column":6},"end":{"line":11,"column":59}},{"start":{"line":12,"column":6},"end":{"line":12,"column":35}}],"line":10}},"s":{"0":3,"1":3,"2":3,"3":3,"4":3,"5":27,"6":3},"f":{"0":27},"b":{"0":[3,0]},"_coverageSchema":"1a1c01bbd47fc00a2c39e90264f33305004495a9","hash":"f38b6eb4c03bb74f2cdcedb10a56febf4eef9fba"}
}
