TN:
SF:src\config\index.js
FNF:0
FNH:0
DA:3,3
DA:5,3
DA:63,3
LF:3
LH:3
BRDA:8,0,0,3
BRDA:8,0,1,3
BRDA:9,1,0,3
BRDA:9,1,1,0
BRDA:10,2,0,3
BRDA:10,2,1,3
BRDA:15,3,0,3
BRDA:15,3,1,3
BRDA:16,4,0,3
BRDA:16,4,1,3
BRDA:17,5,0,3
BRDA:17,5,1,3
BRDA:22,6,0,3
BRDA:22,6,1,3
BRDA:23,7,0,3
BRDA:23,7,1,3
BRDA:24,8,0,3
BRDA:24,8,1,3
BRDA:25,9,0,3
BRDA:25,9,1,3
BRDA:26,10,0,3
BRDA:26,10,1,3
BRDA:27,11,0,3
BRDA:27,11,1,3
BRDA:32,12,0,3
BRDA:32,12,1,3
BRDA:33,13,0,3
BRDA:33,13,1,3
BRDA:38,14,0,3
BRDA:38,14,1,3
BRDA:45,15,0,3
BRDA:45,15,1,3
BRDA:46,16,0,3
BRDA:46,16,1,3
BRDA:51,17,0,3
BRDA:51,17,1,3
BRDA:52,18,0,3
BRDA:52,18,1,3
BRDA:53,19,0,3
BRDA:53,19,1,3
BRF:40
BRH:39
end_of_record
TN:
SF:src\middleware\auth.js
FN:11,(anonymous_0)
FN:61,(anonymous_1)
FN:61,(anonymous_2)
FN:90,(anonymous_3)
FNF:4
FNH:2
FNDA:3,(anonymous_0)
FNDA:12,(anonymous_1)
FNDA:0,(anonymous_2)
FNDA:0,(anonymous_3)
DA:3,3
DA:4,3
DA:5,3
DA:11,3
DA:12,3
DA:14,3
DA:15,1
DA:22,2
DA:23,2
DA:24,0
DA:31,2
DA:33,2
DA:34,2
DA:35,1
DA:36,1
DA:37,1
DA:39,1
DA:41,1
DA:42,0
DA:49,1
DA:61,12
DA:62,0
DA:63,0
DA:70,0
DA:71,0
DA:76,0
DA:83,0
DA:90,3
DA:91,0
DA:93,0
DA:94,0
DA:97,0
DA:98,0
DA:99,0
DA:102,0
DA:103,0
DA:104,0
DA:109,0
DA:112,3
LF:39
LH:21
BRDA:14,0,0,1
BRDA:14,0,1,2
BRDA:23,1,0,0
BRDA:23,1,1,2
BRDA:23,2,0,2
BRDA:23,2,1,2
BRDA:41,3,0,0
BRDA:41,3,1,1
BRDA:62,4,0,0
BRDA:62,4,1,0
BRDA:70,5,0,0
BRDA:70,5,1,0
BRDA:93,6,0,0
BRDA:93,6,1,0
BRDA:98,7,0,0
BRDA:98,7,1,0
BRDA:98,8,0,0
BRDA:98,8,1,0
BRF:18
BRH:6
end_of_record
TN:
SF:src\middleware\errorHandler.js
FN:9,(anonymous_0)
FN:65,(anonymous_1)
FNF:2
FNH:1
FNDA:0,(anonymous_0)
FNDA:1,(anonymous_1)
DA:3,3
DA:9,3
DA:11,0
DA:21,0
DA:22,0
DA:31,0
DA:32,0
DA:40,0
DA:41,0
DA:49,0
DA:50,0
DA:54,0
DA:65,3
DA:66,1
DA:67,1
DA:74,3
LF:16
LH:6
BRDA:13,0,0,0
BRDA:13,0,1,0
BRDA:21,1,0,0
BRDA:21,1,1,0
BRDA:25,2,0,0
BRDA:25,2,1,0
BRDA:31,3,0,0
BRDA:31,3,1,0
BRDA:31,4,0,0
BRDA:31,4,1,0
BRDA:40,5,0,0
BRDA:40,5,1,0
BRDA:40,6,0,0
BRDA:40,6,1,0
BRDA:49,7,0,0
BRDA:49,7,1,0
BRDA:49,7,2,0
BRDA:50,8,0,0
BRDA:50,8,1,0
BRDA:50,9,0,0
BRDA:50,9,1,0
BRDA:57,10,0,0
BRDA:57,10,1,0
BRDA:58,11,0,0
BRDA:58,11,1,0
BRF:25
BRH:0
end_of_record
TN:
SF:src\models\store.js
FN:10,(anonymous_0)
FN:19,(anonymous_1)
FN:114,(anonymous_2)
FNF:3
FNH:3
FNDA:3,(anonymous_0)
FNDA:3,(anonymous_1)
FNDA:18,(anonymous_2)
DA:3,3
DA:11,3
DA:12,3
DA:13,3
DA:14,3
DA:15,3
DA:16,3
DA:21,3
DA:114,18
DA:119,3
DA:121,3
LF:11
LH:11
BRF:0
BRH:0
end_of_record
TN:
SF:src\routes\auth.js
FN:40,(anonymous_0)
FN:61,(anonymous_1)
FN:84,(anonymous_2)
FN:100,(anonymous_3)
FN:157,(anonymous_4)
FN:172,(anonymous_5)
FN:247,(anonymous_6)
FN:301,(anonymous_7)
FN:319,(anonymous_8)
FNF:9
FNH:7
FNDA:3,(anonymous_0)
FNDA:4,(anonymous_1)
FNDA:5,(anonymous_2)
FNDA:2,(anonymous_3)
FNDA:3,(anonymous_4)
FNDA:4,(anonymous_5)
FNDA:0,(anonymous_6)
FNDA:1,(anonymous_7)
FNDA:0,(anonymous_8)
DA:3,3
DA:4,3
DA:5,3
DA:6,3
DA:7,3
DA:8,3
DA:10,3
DA:11,3
DA:12,3
DA:14,3
DA:17,3
DA:29,3
DA:40,3
DA:41,3
DA:48,3
DA:52,3
DA:58,3
DA:61,4
DA:71,3
DA:85,5
DA:86,5
DA:87,5
DA:88,2
DA:96,3
DA:99,3
DA:100,2
DA:102,3
DA:103,1
DA:111,2
DA:114,2
DA:127,2
DA:129,2
DA:131,2
DA:133,2
DA:144,0
DA:150,3
DA:158,3
DA:159,3
DA:160,3
DA:161,0
DA:169,3
DA:171,3
DA:172,4
DA:175,3
DA:176,1
DA:177,1
DA:185,2
DA:186,0
DA:187,0
DA:194,2
DA:196,2
DA:197,1
DA:199,1
DA:200,0
DA:201,0
DA:202,0
DA:203,0
DA:204,0
DA:211,1
DA:212,1
DA:221,1
DA:222,1
DA:223,1
DA:224,1
DA:226,1
DA:228,1
DA:230,1
DA:241,0
DA:247,3
DA:248,0
DA:249,0
DA:251,0
DA:252,0
DA:259,0
DA:261,0
DA:262,0
DA:269,0
DA:270,0
DA:271,0
DA:278,0
DA:280,0
DA:289,0
DA:290,0
DA:296,0
DA:301,3
DA:302,1
DA:304,1
DA:305,0
DA:312,1
DA:319,3
DA:321,0
DA:323,0
DA:329,3
LF:93
LH:65
BRDA:87,0,0,2
BRDA:87,0,1,3
BRDA:102,1,0,1
BRDA:102,1,1,2
BRDA:160,2,0,0
BRDA:160,2,1,3
BRDA:175,3,0,1
BRDA:175,3,1,2
BRDA:185,4,0,0
BRDA:185,4,1,2
BRDA:185,5,0,2
BRDA:185,5,1,0
BRDA:196,6,0,1
BRDA:196,6,1,1
BRDA:197,7,0,1
BRDA:197,7,1,1
BRDA:199,8,0,0
BRDA:199,8,1,1
BRDA:251,9,0,0
BRDA:251,9,1,0
BRDA:261,10,0,0
BRDA:261,10,1,0
BRDA:270,11,0,0
BRDA:270,11,1,0
BRDA:289,12,0,0
BRDA:289,12,1,0
BRDA:289,13,0,0
BRDA:289,13,1,0
BRDA:304,14,0,0
BRDA:304,14,1,1
BRF:30
BRH:15
end_of_record
TN:
SF:src\routes\cart.js
FN:17,(anonymous_0)
FN:31,(anonymous_1)
FN:32,(anonymous_2)
FN:41,(anonymous_3)
FN:46,(anonymous_4)
FN:61,(anonymous_5)
FN:83,(anonymous_6)
FN:130,(anonymous_7)
FN:137,(anonymous_8)
FN:172,(anonymous_9)
FN:179,(anonymous_10)
FN:197,(anonymous_11)
FNF:12
FNH:0
FNDA:0,(anonymous_0)
FNDA:0,(anonymous_1)
FNDA:0,(anonymous_2)
FNDA:0,(anonymous_3)
FNDA:0,(anonymous_4)
FNDA:0,(anonymous_5)
FNDA:0,(anonymous_6)
FNDA:0,(anonymous_7)
FNDA:0,(anonymous_8)
FNDA:0,(anonymous_9)
FNDA:0,(anonymous_10)
FNDA:0,(anonymous_11)
DA:3,3
DA:4,3
DA:5,3
DA:7,3
DA:8,3
DA:9,3
DA:11,3
DA:14,3
DA:17,3
DA:18,0
DA:19,0
DA:27,0
DA:31,3
DA:32,0
DA:33,0
DA:34,0
DA:35,0
DA:36,0
DA:41,0
DA:46,3
DA:47,0
DA:48,0
DA:55,3
DA:62,0
DA:63,0
DA:64,0
DA:67,0
DA:68,0
DA:70,0
DA:71,0
DA:74,0
DA:75,0
DA:82,0
DA:83,0
DA:85,0
DA:86,0
DA:87,0
DA:88,0
DA:94,0
DA:95,0
DA:97,0
DA:110,0
DA:111,0
DA:113,0
DA:115,0
DA:124,3
DA:131,0
DA:132,0
DA:133,0
DA:136,0
DA:137,0
DA:139,0
DA:140,0
DA:143,0
DA:145,0
DA:146,0
DA:148,0
DA:149,0
DA:150,0
DA:156,0
DA:157,0
DA:160,0
DA:161,0
DA:163,0
DA:172,3
DA:173,0
DA:174,0
DA:175,0
DA:178,0
DA:179,0
DA:181,0
DA:182,0
DA:185,0
DA:186,0
DA:187,0
DA:189,0
DA:197,3
DA:198,0
DA:199,0
DA:200,0
DA:201,0
DA:203,0
DA:206,3
LF:83
LH:16
BRDA:18,0,0,0
BRDA:18,0,1,0
BRDA:34,1,0,0
BRDA:34,1,1,0
BRDA:63,2,0,0
BRDA:63,2,1,0
BRDA:70,3,0,0
BRDA:70,3,1,0
BRDA:74,4,0,0
BRDA:74,4,1,0
BRDA:85,5,0,0
BRDA:85,5,1,0
BRDA:87,6,0,0
BRDA:87,6,1,0
BRDA:132,7,0,0
BRDA:132,7,1,0
BRDA:139,8,0,0
BRDA:139,8,1,0
BRDA:145,9,0,0
BRDA:145,9,1,0
BRDA:149,10,0,0
BRDA:149,10,1,0
BRDA:149,11,0,0
BRDA:149,11,1,0
BRDA:165,12,0,0
BRDA:165,12,1,0
BRDA:174,13,0,0
BRDA:174,13,1,0
BRDA:181,14,0,0
BRDA:181,14,1,0
BRF:30
BRH:0
end_of_record
TN:
SF:src\routes\orders.js
FN:18,(anonymous_0)
FN:24,(anonymous_1)
FN:27,(anonymous_2)
FN:36,(anonymous_3)
FN:67,(anonymous_4)
FN:108,(anonymous_5)
FN:115,(anonymous_6)
FN:164,(anonymous_7)
FN:193,(anonymous_8)
FN:218,(anonymous_9)
FNF:10
FNH:0
FNDA:0,(anonymous_0)
FNDA:0,(anonymous_1)
FNDA:0,(anonymous_2)
FNDA:0,(anonymous_3)
FNDA:0,(anonymous_4)
FNDA:0,(anonymous_5)
FNDA:0,(anonymous_6)
FNDA:0,(anonymous_7)
FNDA:0,(anonymous_8)
FNDA:0,(anonymous_9)
DA:3,3
DA:4,3
DA:5,3
DA:7,3
DA:8,3
DA:9,3
DA:11,3
DA:13,3
DA:15,3
DA:18,3
DA:19,0
DA:21,0
DA:23,0
DA:24,0
DA:27,0
DA:29,0
DA:36,3
DA:37,0
DA:38,0
DA:39,0
DA:42,0
DA:43,0
DA:44,0
DA:47,0
DA:48,0
DA:49,0
DA:52,0
DA:56,3
DA:68,0
DA:69,0
DA:70,0
DA:73,0
DA:74,0
DA:75,0
DA:79,0
DA:80,0
DA:81,0
DA:82,0
DA:83,0
DA:89,0
DA:90,0
DA:96,0
DA:108,0
DA:109,0
DA:110,0
DA:111,0
DA:112,0
DA:115,0
DA:116,0
DA:117,0
DA:118,0
DA:120,0
DA:138,0
DA:141,0
DA:142,0
DA:143,0
DA:145,0
DA:147,0
DA:156,3
DA:165,0
DA:166,0
DA:167,0
DA:170,0
DA:171,0
DA:172,0
DA:175,0
DA:176,0
DA:177,0
DA:183,0
DA:185,0
DA:186,0
DA:188,0
DA:193,3
DA:194,0
DA:195,0
DA:196,0
DA:199,0
DA:200,0
DA:201,0
DA:204,0
DA:205,0
DA:206,0
DA:209,0
DA:210,0
DA:218,0
DA:219,0
DA:220,0
DA:221,0
DA:222,0
DA:226,0
DA:227,0
DA:228,0
DA:229,0
DA:231,0
DA:234,3
LF:95
LH:15
BRDA:23,0,0,0
BRDA:23,0,1,0
BRDA:38,1,0,0
BRDA:38,1,1,0
BRDA:43,2,0,0
BRDA:43,2,1,0
BRDA:48,3,0,0
BRDA:48,3,1,0
BRDA:48,4,0,0
BRDA:48,4,1,0
BRDA:69,5,0,0
BRDA:69,5,1,0
BRDA:74,6,0,0
BRDA:74,6,1,0
BRDA:74,7,0,0
BRDA:74,7,1,0
BRDA:82,8,0,0
BRDA:82,8,1,0
BRDA:89,9,0,0
BRDA:89,9,1,0
BRDA:117,10,0,0
BRDA:117,10,1,0
BRDA:166,11,0,0
BRDA:166,11,1,0
BRDA:171,12,0,0
BRDA:171,12,1,0
BRDA:180,13,0,0
BRDA:180,13,1,0
BRDA:195,14,0,0
BRDA:195,14,1,0
BRDA:200,15,0,0
BRDA:200,15,1,0
BRDA:205,16,0,0
BRDA:205,16,1,0
BRDA:205,17,0,0
BRDA:205,17,1,0
BRDA:209,18,0,0
BRDA:209,18,1,0
BRDA:220,19,0,0
BRDA:220,19,1,0
BRF:40
BRH:0
end_of_record
TN:
SF:src\routes\products.js
FN:26,(anonymous_0)
FN:47,(anonymous_1)
FN:53,(anonymous_2)
FN:56,(anonymous_3)
FN:62,(anonymous_4)
FN:65,(anonymous_5)
FN:69,(anonymous_6)
FN:94,(anonymous_7)
FN:96,(anonymous_8)
FN:105,(anonymous_9)
FN:132,(anonymous_10)
FN:141,(anonymous_11)
FN:179,(anonymous_12)
FN:191,(anonymous_13)
FN:211,(anonymous_14)
FNF:15
FNH:10
FNDA:6,(anonymous_0)
FNDA:6,(anonymous_1)
FNDA:6,(anonymous_2)
FNDA:15,(anonymous_3)
FNDA:6,(anonymous_4)
FNDA:6,(anonymous_5)
FNDA:20,(anonymous_6)
FNDA:1,(anonymous_7)
FNDA:6,(anonymous_8)
FNDA:3,(anonymous_9)
FNDA:0,(anonymous_10)
FNDA:0,(anonymous_11)
FNDA:0,(anonymous_12)
FNDA:0,(anonymous_13)
FNDA:0,(anonymous_14)
DA:3,3
DA:4,3
DA:5,3
DA:7,3
DA:8,3
DA:9,3
DA:11,3
DA:14,3
DA:27,6
DA:28,6
DA:29,0
DA:41,6
DA:43,6
DA:46,6
DA:47,6
DA:51,6
DA:52,1
DA:53,1
DA:54,6
DA:56,15
DA:61,6
DA:62,6
DA:64,6
DA:65,6
DA:69,6
DA:70,20
DA:71,20
DA:72,20
DA:73,20
DA:74,0
DA:78,6
DA:79,6
DA:80,6
DA:81,6
DA:83,6
DA:94,3
DA:95,1
DA:96,6
DA:98,1
DA:105,3
DA:106,3
DA:107,3
DA:108,1
DA:111,2
DA:112,2
DA:113,1
DA:116,1
DA:120,3
DA:133,0
DA:134,0
DA:135,0
DA:138,0
DA:141,0
DA:142,0
DA:143,0
DA:146,0
DA:162,0
DA:163,0
DA:165,0
DA:170,3
DA:180,0
DA:181,0
DA:182,0
DA:185,0
DA:186,0
DA:187,0
DA:190,0
DA:191,0
DA:192,0
DA:193,0
DA:196,0
DA:198,0
DA:199,0
DA:201,0
DA:206,3
DA:212,0
DA:213,0
DA:214,0
DA:217,0
DA:218,0
DA:219,0
DA:222,0
DA:223,0
DA:225,0
DA:229,3
LF:85
LH:49
BRDA:28,0,0,0
BRDA:28,0,1,6
BRDA:33,1,0,5
BRDA:34,2,0,5
BRDA:39,3,0,6
BRDA:40,4,0,6
BRDA:46,5,0,1
BRDA:46,5,1,5
BRDA:51,6,0,1
BRDA:51,6,1,5
BRDA:54,7,0,6
BRDA:54,7,1,5
BRDA:54,7,2,5
BRDA:61,8,0,1
BRDA:61,8,1,5
BRDA:64,9,0,1
BRDA:64,9,1,5
BRDA:72,10,0,0
BRDA:72,10,1,20
BRDA:73,11,0,20
BRDA:73,11,1,0
BRDA:107,12,0,1
BRDA:107,12,1,2
BRDA:112,13,0,1
BRDA:112,13,1,1
BRDA:134,14,0,0
BRDA:134,14,1,0
BRDA:142,15,0,0
BRDA:142,15,1,0
BRDA:154,16,0,0
BRDA:154,16,1,0
BRDA:155,17,0,0
BRDA:155,17,1,0
BRDA:181,18,0,0
BRDA:181,18,1,0
BRDA:186,19,0,0
BRDA:186,19,1,0
BRDA:192,20,0,0
BRDA:192,20,1,0
BRDA:213,21,0,0
BRDA:213,21,1,0
BRDA:218,22,0,0
BRDA:218,22,1,0
BRF:43
BRH:22
end_of_record
TN:
SF:src\utils\logger.js
FN:24,(anonymous_0)
FNF:1
FNH:1
FNDA:27,(anonymous_0)
DA:3,3
DA:4,3
DA:6,3
DA:8,3
DA:23,3
DA:24,27
DA:27,3
LF:7
LH:7
BRDA:10,0,0,3
BRDA:10,0,1,0
BRF:2
BRH:1
end_of_record
